I200103 21:47:38.166233 1 util/log/clog.go:1196  [config] file created at: 2020/01/03 21:47:38
I200103 21:47:38.166233 1 util/log/clog.go:1196  [config] running on machine: rubunu-PC
I200103 21:47:38.166233 1 util/log/clog.go:1196  [config] binary: CockroachDB CCL v19.2.2 (x86_64-unknown-linux-gnu, built 2019/12/11 01:33:43, go1.12.12)
I200103 21:47:38.166233 1 util/log/clog.go:1196  [config] arguments: [cockroach start-single-node --insecure --listen-addr=localhost:26257 --http-addr=localhost:8080]
I200103 21:47:38.166233 1 util/log/clog.go:1196  line format: [IWEF]yymmdd hh:mm:ss.uuuuuu goid file:line msg utf8=✓
I200103 21:47:38.166232 1 cli/start.go:1144  logging to directory /home/rubunu/go/src/apiDomainInfo/cockroach-data/logs
W200103 21:47:38.166560 1 cli/start.go:1182  RUNNING IN INSECURE MODE!

- Your cluster is open for any client that can access localhost.
- Any user, even root, can log in without providing a password.
- Any user, connecting as root, can read or write any data in your cluster.
- There is no network encryption nor authentication, and thus no confidentiality.

Check out how to secure your cluster: https://www.cockroachlabs.com/docs/v19.2/secure-a-cluster.html
I200103 21:47:38.166841 1 server/status/recorder.go:599  available memory from cgroups (8.0 EiB) exceeds system memory 3.7 GiB, using system memory
W200103 21:47:38.166934 1 cli/start.go:1052  Using the default setting for --cache (128 MiB).
  A significantly larger value is usually needed for good performance.
  If you have a dedicated server a reasonable setting is --cache=.25 (957 MiB).
I200103 21:47:38.167186 1 server/status/recorder.go:599  available memory from cgroups (8.0 EiB) exceeds system memory 3.7 GiB, using system memory
W200103 21:47:38.167207 1 cli/start.go:1065  Using the default setting for --max-sql-memory (128 MiB).
  A significantly larger value is usually needed in production.
  If you have a dedicated server a reasonable setting is --max-sql-memory=.25 (957 MiB).
I200103 21:47:38.167311 1 server/status/recorder.go:599  available memory from cgroups (8.0 EiB) exceeds system memory 3.7 GiB, using system memory
I200103 21:47:38.167333 1 cli/start.go:1196  CockroachDB CCL v19.2.2 (x86_64-unknown-linux-gnu, built 2019/12/11 01:33:43, go1.12.12)
I200103 21:47:38.269652 1 server/status/recorder.go:599  available memory from cgroups (8.0 EiB) exceeds system memory 3.7 GiB, using system memory
I200103 21:47:38.269719 1 server/config.go:394  system total memory: 3.7 GiB
I200103 21:47:38.269911 1 server/config.go:396  server configuration:
max offset             500000000
cache size             128 MiB
SQL memory pool size   128 MiB
scan interval          10m0s
scan min idle time     10ms
scan max idle time     1s
event log enabled      true
I200103 21:47:38.269999 1 cli/start.go:1030  using local environment variables: COCKROACH_BACKGROUND_RESTART=1
I200103 21:47:38.270055 1 cli/start.go:1037  process identity: uid 1000 euid 1000 gid 1000 egid 1000
I200103 21:47:38.270250 1 cli/start.go:644  starting cockroach node
I200103 21:47:38.273932 13 storage/engine/rocksdb.go:622  opening rocksdb instance at "/home/rubunu/go/src/apiDomainInfo/cockroach-data/cockroach-temp261938071"
I200103 21:47:38.568430 13 server/server.go:928  [n?] monitoring forward clock jumps based on server.clock.forward_jump_check_enabled
W200103 21:47:38.569051 13 server/config_unix.go:112  soft open file descriptor limit 4096 is under the recommended limit 15000; this may decrease performance
please see https://www.cockroachlabs.com/docs/v19.2/recommended-production-settings.html for more details
I200103 21:47:38.569135 13 storage/engine/rocksdb.go:622  opening rocksdb instance at "/home/rubunu/go/src/apiDomainInfo/cockroach-data"
I200103 21:47:38.870760 13 server/config.go:502  [n?] 1 storage engine initialized
I200103 21:47:38.870839 13 server/config.go:505  [n?] RocksDB cache size: 128 MiB
I200103 21:47:38.870885 13 server/config.go:505  [n?] store 0: RocksDB, max size 0 B, max open file limit 3840
I200103 21:47:39.035348 13 server/server.go:978  [n?] Sleeping till wall time 1578088059035220563 to catches up to 1578088059068311144 to ensure monotonicity. Delta: 33.090581ms
I200103 21:47:39.070079 13 gossip/gossip.go:394  [n1] NodeDescriptor set to node_id:1 address:<network_field:"tcp" address_field:"localhost:26257" > attrs:<> locality:<> ServerVersion:<major_val:19 minor_val:2 patch:0 unstable:0 > build_tag:"v19.2.2" started_at:1578088059069546123 cluster_name:"" sql_address:<network_field:"tcp" address_field:"localhost:26257" > 
W200103 21:47:39.107712 143 storage/replica_range_lease.go:554  can't determine lease status due to node liveness error: node not in the liveness table
github.com/cockroachdb/cockroach/pkg/storage.init.ializers
	/go/src/github.com/cockroachdb/cockroach/pkg/storage/node_liveness.go:44
runtime.main
	/usr/local/go/src/runtime/proc.go:188
runtime.goexit
	/usr/local/go/src/runtime/asm_amd64.s:1337
W200103 21:47:39.107802 143 storage/store.go:1530  [n1,s1,r6/1:/Table/{SystemCon…-11}] could not gossip system config: [NotLeaseHolderError] r6: replica (n1,s1):1 not lease holder; lease holder unknown
I200103 21:47:39.118565 13 server/node.go:431  [n1] initialized store [n1,s1]: disk (capacity=187 GiB, available=170 GiB, used=241 KiB, logicalBytes=206 KiB), ranges=24, leases=0, queries=0.00, writes=0.00, bytesPerReplica={p10=0.00 p25=0.00 p50=0.00 p75=326.00 p90=11659.00 pMax=163414.00}, writesPerReplica={p10=0.00 p25=0.00 p50=0.00 p75=0.00 p90=0.00 pMax=0.00}
I200103 21:47:39.118763 13 storage/stores.go:240  [n1] read 0 node addresses from persistent storage
I200103 21:47:39.119075 13 server/node.go:645  [n1] connecting to gossip network to verify cluster ID...
I200103 21:47:39.119127 13 server/node.go:665  [n1] node connected via gossip and verified as part of cluster "806f71f9-f0f9-4c95-872a-914694558ec3"
I200103 21:47:39.119383 13 server/node.go:512  [n1] node=1: started with [<no-attributes>=/home/rubunu/go/src/apiDomainInfo/cockroach-data] engine(s) and attributes []
I200103 21:47:39.119739 13 server/server.go:1514  [n1] starting http server at 127.0.0.1:8080 (use: localhost:8080)
I200103 21:47:39.119770 13 server/server.go:1521  [n1] starting grpc/postgres server at 127.0.0.1:26257
I200103 21:47:39.119799 13 server/server.go:1522  [n1] advertising CockroachDB node at localhost:26257
W200103 21:47:39.164478 143 storage/store.go:1530  [n1,s1,r6/1:/Table/{SystemCon…-11}] could not gossip system config: [NotLeaseHolderError] r6: replica (n1,s1):1 not lease holder; lease holder unknown
I200103 21:47:39.336345 89 storage/node_liveness.go:474  [n1,liveness-hb] heartbeat failed on epoch increment; retrying
I200103 21:47:39.426144 89 storage/node_liveness.go:474  [n1,liveness-hb] heartbeat failed on epoch increment; retrying
I200103 21:47:40.583933 158 sql/event_log.go:130  [n1,intExec=add-constraints-ttl] Event: "set_zone_config", target: 25, info: {Target:TABLE system.public.replication_constraint_stats Config: Options:"gc.ttlseconds" = 600 User:root}
I200103 21:47:40.776478 103 gossip/gossip.go:1531  [n1] node has connected to cluster via gossip
I200103 21:47:40.776782 103 storage/stores.go:259  [n1] wrote 0 node addresses to persistent storage
I200103 21:47:41.252125 340 sql/event_log.go:130  [n1,intExec=add-replication-status-ttl] Event: "set_zone_config", target: 27, info: {Target:TABLE system.public.replication_stats Config: Options:"gc.ttlseconds" = 600 User:root}
I200103 21:47:41.361662 433 sql/sqlbase/structured.go:1516  [n1,intExec=update-reports-meta-generated] publish: descID=28 (reports_meta) version=2 mtime=1970-01-01 00:00:00 +0000 UTC
I200103 21:47:41.608449 433 sql/event_log.go:130  [n1,intExec=update-reports-meta-generated] Event: "alter_table", target: 28, info: {TableName:system.public.reports_meta Statement:ALTER TABLE system.reports_meta ALTER COLUMN generated SET DATA TYPE TIMESTAMPTZ User:node MutationID:0 CascadeDroppedViews:[]}
I200103 21:47:41.620604 388 sql/sqlbase/structured.go:1516  [n1,intExec=update-reports-meta-generated] publish: descID=25 (replication_constraint_stats) version=2 mtime=1970-01-01 00:00:00 +0000 UTC
I200103 21:47:41.809435 388 sql/event_log.go:130  [n1,intExec=update-reports-meta-generated] Event: "alter_table", target: 25, info: {TableName:system.public.replication_constraint_stats Statement:ALTER TABLE system.replication_constraint_stats ALTER COLUMN violation_start SET DATA TYPE TIMESTAMPTZ User:node MutationID:0 CascadeDroppedViews:[]}
I200103 21:47:41.999614 13 server/server.go:1590  [n1] done ensuring all necessary migrations have run
I200103 21:47:41.999773 13 server/server.go:1841  [n1] serving sql connections
I200103 21:47:42.000066 13 cli/start.go:803  [config] clusterID: 806f71f9-f0f9-4c95-872a-914694558ec3
I200103 21:47:42.000168 13 cli/start.go:812  node startup completed:
CockroachDB node starting at 2020-01-03 21:47:41.999831873 +0000 UTC (took 3.8s)
build:               CCL v19.2.2 @ 2019/12/11 01:33:43 (go1.12.12)
webui:               http://localhost:8080
sql:                 postgresql://root@localhost:26257?sslmode=disable
RPC client flags:    cockroach <client cmd> --host=localhost:26257 --insecure
logs:                /home/rubunu/go/src/apiDomainInfo/cockroach-data/logs
temp dir:            /home/rubunu/go/src/apiDomainInfo/cockroach-data/cockroach-temp261938071
external I/O path:   /home/rubunu/go/src/apiDomainInfo/cockroach-data/extern
store[0]:            path=/home/rubunu/go/src/apiDomainInfo/cockroach-data
status:              restarted pre-existing node
clusterID:           806f71f9-f0f9-4c95-872a-914694558ec3
nodeID:              1
I200103 21:47:42.009044 507 server/server_update.go:53  [n1] no need to upgrade, cluster already at the newest version
I200103 21:47:42.133826 509 sql/event_log.go:130  [n1] Event: "node_restart", target: 1, info: {Descriptor:{NodeID:1 Address:localhost:26257 Attrs: Locality: ServerVersion:19.2 BuildTag:v19.2.2 StartedAt:1578088059069546123 LocalityAddress:[] ClusterName: SQLAddress:localhost:26257} ClusterID:806f71f9-f0f9-4c95-872a-914694558ec3 StartedAt:1578088059069546123 LastUp:1578088047614673969}
I200103 21:47:49.122970 180 server/status/runtime.go:498  [n1] runtime stats: 107 MiB RSS, 132 goroutines, 91 MiB/32 MiB/135 MiB GO alloc/idle/total, 14 MiB/17 MiB CGO alloc/total, 0.0 CGO/sec, 0.0/0.0 %(u/s)time, 0.0 %gc (9x), 27 KiB/30 KiB (r/w)net
I200103 21:47:59.122494 31 storage/store.go:2364  [n1,s1] sstables (read amplification = 1):
0 [ 82K 1 ]: 82K
I200103 21:47:59.123135 31 storage/store.go:2365  [n1,s1] 
** Compaction Stats [default] **
Level    Files   Size     Score Read(GB)  Rn(GB) Rnp1(GB) Write(GB) Wnew(GB) Moved(GB) W-Amp Rd(MB/s) Wr(MB/s) Comp(sec) CompMergeCPU(sec) Comp(cnt) Avg(sec) KeyIn KeyDrop
----------------------------------------------------------------------------------------------------------------------------------------------------------------------------
  L0      1/0   81.59 KB   0.5      0.0     0.0      0.0       0.0      0.0       0.0   1.0      0.0      0.8      0.10              0.00         1    0.096       0      0
 Sum      1/0   81.59 KB   0.0      0.0     0.0      0.0       0.0      0.0       0.0   1.0      0.0      0.8      0.10              0.00         1    0.096       0      0
 Int      0/0    0.00 KB   0.0      0.0     0.0      0.0       0.0      0.0       0.0   1.0      0.0      0.8      0.10              0.00         1    0.096       0      0

** Compaction Stats [default] **
Priority    Files   Size     Score Read(GB)  Rn(GB) Rnp1(GB) Write(GB) Wnew(GB) Moved(GB) W-Amp Rd(MB/s) Wr(MB/s) Comp(sec) CompMergeCPU(sec) Comp(cnt) Avg(sec) KeyIn KeyDrop
-------------------------------------------------------------------------------------------------------------------------------------------------------------------------------
User      0/0    0.00 KB   0.0      0.0     0.0      0.0       0.0      0.0       0.0   0.0      0.0      0.8      0.10              0.00         1    0.096       0      0
Uptime(secs): 20.6 total, 20.6 interval
Flush(GB): cumulative 0.000, interval 0.000
AddFile(GB): cumulative 0.000, interval 0.000
AddFile(Total Files): cumulative 0, interval 0
AddFile(L0 Files): cumulative 0, interval 0
AddFile(Keys): cumulative 0, interval 0
Cumulative compaction: 0.00 GB write, 0.00 MB/s write, 0.00 GB read, 0.00 MB/s read, 0.1 seconds
Interval compaction: 0.00 GB write, 0.00 MB/s write, 0.00 GB read, 0.00 MB/s read, 0.1 seconds
Stalls(count): 0 level0_slowdown, 0 level0_slowdown_with_compaction, 0 level0_numfiles, 0 level0_numfiles_with_compaction, 0 stop for pending_compaction_bytes, 0 slowdown for pending_compaction_bytes, 0 memtable_compaction, 0 memtable_slowdown, interval 0 total count
estimated_pending_compaction_bytes: 0 B
I200103 21:47:59.123380 180 server/status/runtime.go:498  [n1] runtime stats: 117 MiB RSS, 134 goroutines, 100 MiB/23 MiB/135 MiB GO alloc/idle/total, 15 MiB/18 MiB CGO alloc/total, 31.1 CGO/sec, 2.5/0.6 %(u/s)time, 0.0 %gc (0x), 12 KiB/11 KiB (r/w)net
I200103 21:48:09.124018 180 server/status/runtime.go:498  [n1] runtime stats: 126 MiB RSS, 132 goroutines, 109 MiB/14 MiB/135 MiB GO alloc/idle/total, 15 MiB/18 MiB CGO alloc/total, 26.3 CGO/sec, 2.6/0.7 %(u/s)time, 0.0 %gc (0x), 2.6 KiB/6.1 KiB (r/w)net
I200103 21:48:19.123864 180 server/status/runtime.go:498  [n1] runtime stats: 135 MiB RSS, 133 goroutines, 78 MiB/41 MiB/135 MiB GO alloc/idle/total, 15 MiB/18 MiB CGO alloc/total, 31.8 CGO/sec, 2.7/0.7 %(u/s)time, 0.0 %gc (1x), 3.9 KiB/7.5 KiB (r/w)net
I200103 21:48:29.124153 180 server/status/runtime.go:498  [n1] runtime stats: 136 MiB RSS, 133 goroutines, 85 MiB/35 MiB/135 MiB GO alloc/idle/total, 15 MiB/18 MiB CGO alloc/total, 28.8 CGO/sec, 2.3/0.8 %(u/s)time, 0.0 %gc (0x), 6.3 KiB/17 KiB (r/w)net
I200103 21:48:39.120255 32 gossip/gossip.go:566  [n1] gossip status (ok, 1 node)
gossip client (0/3 cur/max conns)
gossip server (0/3 cur/max conns, infos 0/0 sent/received, bytes 0B/0B sent/received)
gossip connectivity
  n1 [sentinel];
I200103 21:48:39.128209 180 server/status/runtime.go:498  [n1] runtime stats: 137 MiB RSS, 134 goroutines, 92 MiB/28 MiB/135 MiB GO alloc/idle/total, 15 MiB/18 MiB CGO alloc/total, 25.9 CGO/sec, 2.1/0.6 %(u/s)time, 0.0 %gc (0x), 10 KiB/11 KiB (r/w)net
I200103 21:48:49.127545 180 server/status/runtime.go:498  [n1] runtime stats: 138 MiB RSS, 132 goroutines, 101 MiB/21 MiB/135 MiB GO alloc/idle/total, 15 MiB/18 MiB CGO alloc/total, 93.0 CGO/sec, 3.2/0.9 %(u/s)time, 0.0 %gc (0x), 5.5 KiB/11 KiB (r/w)net
I200103 21:48:59.128159 180 server/status/runtime.go:498  [n1] runtime stats: 138 MiB RSS, 132 goroutines, 108 MiB/14 MiB/135 MiB GO alloc/idle/total, 15 MiB/18 MiB CGO alloc/total, 22.7 CGO/sec, 1.9/0.5 %(u/s)time, 0.0 %gc (0x), 14 KiB/21 KiB (r/w)net
I200103 21:49:09.129580 180 server/status/runtime.go:498  [n1] runtime stats: 138 MiB RSS, 133 goroutines, 115 MiB/8.0 MiB/135 MiB GO alloc/idle/total, 15 MiB/18 MiB CGO alloc/total, 28.1 CGO/sec, 1.7/0.3 %(u/s)time, 0.0 %gc (0x), 673 KiB/188 KiB (r/w)net
I200103 21:49:19.128268 180 server/status/runtime.go:498  [n1] runtime stats: 146 MiB RSS, 133 goroutines, 123 MiB/64 MiB/201 MiB GO alloc/idle/total, 15 MiB/18 MiB CGO alloc/total, 25.0 CGO/sec, 2.1/0.7 %(u/s)time, 0.0 %gc (0x), 9.4 KiB/18 KiB (r/w)net
I200103 21:49:29.128440 180 server/status/runtime.go:498  [n1] runtime stats: 155 MiB RSS, 133 goroutines, 132 MiB/55 MiB/201 MiB GO alloc/idle/total, 15 MiB/18 MiB CGO alloc/total, 23.1 CGO/sec, 2.1/0.5 %(u/s)time, 0.0 %gc (0x), 7.0 KiB/16 KiB (r/w)net
I200103 21:49:39.120031 32 gossip/gossip.go:566  [n1] gossip status (ok, 1 node)
gossip client (0/3 cur/max conns)
gossip server (0/3 cur/max conns, infos 0/0 sent/received, bytes 0B/0B sent/received)
I200103 21:49:39.129034 180 server/status/runtime.go:498  [n1] runtime stats: 160 MiB RSS, 134 goroutines, 82 MiB/101 MiB/201 MiB GO alloc/idle/total, 15 MiB/18 MiB CGO alloc/total, 29.0 CGO/sec, 2.6/0.6 %(u/s)time, 0.0 %gc (1x), 6.8 KiB/14 KiB (r/w)net
I200103 21:49:49.130538 180 server/status/runtime.go:498  [n1] runtime stats: 160 MiB RSS, 132 goroutines, 90 MiB/95 MiB/201 MiB GO alloc/idle/total, 15 MiB/18 MiB CGO alloc/total, 54.3 CGO/sec, 2.6/0.8 %(u/s)time, 0.0 %gc (0x), 7.4 KiB/13 KiB (r/w)net
I200103 21:49:59.129424 180 server/status/runtime.go:498  [n1] runtime stats: 161 MiB RSS, 132 goroutines, 97 MiB/89 MiB/202 MiB GO alloc/idle/total, 15 MiB/18 MiB CGO alloc/total, 24.4 CGO/sec, 2.2/0.5 %(u/s)time, 0.0 %gc (0x), 4.0 KiB/12 KiB (r/w)net
I200103 21:50:09.129591 180 server/status/runtime.go:498  [n1] runtime stats: 161 MiB RSS, 132 goroutines, 103 MiB/83 MiB/202 MiB GO alloc/idle/total, 15 MiB/18 MiB CGO alloc/total, 26.6 CGO/sec, 2.4/0.3 %(u/s)time, 0.0 %gc (0x), 9.7 KiB/20 KiB (r/w)net
I200103 21:50:19.130274 180 server/status/runtime.go:498  [n1] runtime stats: 161 MiB RSS, 133 goroutines, 110 MiB/76 MiB/202 MiB GO alloc/idle/total, 15 MiB/18 MiB CGO alloc/total, 24.7 CGO/sec, 2.0/0.5 %(u/s)time, 0.0 %gc (0x), 5.5 KiB/12 KiB (r/w)net
I200103 21:50:29.130343 180 server/status/runtime.go:498  [n1] runtime stats: 161 MiB RSS, 133 goroutines, 117 MiB/70 MiB/202 MiB GO alloc/idle/total, 15 MiB/18 MiB CGO alloc/total, 25.0 CGO/sec, 1.9/0.6 %(u/s)time, 0.0 %gc (0x), 6.1 KiB/17 KiB (r/w)net
I200103 21:50:39.119909 32 gossip/gossip.go:566  [n1] gossip status (ok, 1 node)
gossip client (0/3 cur/max conns)
gossip server (0/3 cur/max conns, infos 0/0 sent/received, bytes 0B/0B sent/received)
I200103 21:50:39.130719 180 server/status/runtime.go:498  [n1] runtime stats: 162 MiB RSS, 134 goroutines, 124 MiB/63 MiB/202 MiB GO alloc/idle/total, 15 MiB/18 MiB CGO alloc/total, 25.5 CGO/sec, 1.7/0.9 %(u/s)time, 0.0 %gc (0x), 4.7 KiB/13 KiB (r/w)net
I200103 21:50:49.130975 180 server/status/runtime.go:498  [n1] runtime stats: 162 MiB RSS, 132 goroutines, 131 MiB/56 MiB/202 MiB GO alloc/idle/total, 15 MiB/18 MiB CGO alloc/total, 53.9 CGO/sec, 2.8/0.5 %(u/s)time, 0.0 %gc (0x), 5.0 KiB/11 KiB (r/w)net
I200103 21:50:59.130992 180 server/status/runtime.go:498  [n1] runtime stats: 163 MiB RSS, 132 goroutines, 138 MiB/49 MiB/202 MiB GO alloc/idle/total, 15 MiB/18 MiB CGO alloc/total, 24.3 CGO/sec, 2.3/0.4 %(u/s)time, 0.0 %gc (0x), 13 KiB/15 KiB (r/w)net
I200103 21:51:09.131353 180 server/status/runtime.go:498  [n1] runtime stats: 171 MiB RSS, 132 goroutines, 80 MiB/103 MiB/202 MiB GO alloc/idle/total, 15 MiB/18 MiB CGO alloc/total, 23.1 CGO/sec, 2.1/0.8 %(u/s)time, 0.0 %gc (1x), 8.6 KiB/21 KiB (r/w)net
I200103 21:51:19.131542 180 server/status/runtime.go:498  [n1] runtime stats: 172 MiB RSS, 133 goroutines, 86 MiB/97 MiB/202 MiB GO alloc/idle/total, 15 MiB/18 MiB CGO alloc/total, 28.9 CGO/sec, 2.4/0.4 %(u/s)time, 0.0 %gc (0x), 5.4 KiB/12 KiB (r/w)net
I200103 21:51:29.131751 180 server/status/runtime.go:498  [n1] runtime stats: 172 MiB RSS, 133 goroutines, 93 MiB/91 MiB/202 MiB GO alloc/idle/total, 15 MiB/18 MiB CGO alloc/total, 26.3 CGO/sec, 2.1/0.6 %(u/s)time, 0.0 %gc (0x), 17 KiB/20 KiB (r/w)net
I200103 21:51:39.119769 32 gossip/gossip.go:566  [n1] gossip status (ok, 1 node)
gossip client (0/3 cur/max conns)
gossip server (0/3 cur/max conns, infos 0/0 sent/received, bytes 0B/0B sent/received)
I200103 21:51:39.130849 180 server/status/runtime.go:498  [n1] runtime stats: 172 MiB RSS, 133 goroutines, 100 MiB/85 MiB/202 MiB GO alloc/idle/total, 15 MiB/18 MiB CGO alloc/total, 22.7 CGO/sec, 1.3/0.5 %(u/s)time, 0.0 %gc (0x), 269 KiB/130 KiB (r/w)net
I200103 21:51:49.130760 180 server/status/runtime.go:498  [n1] runtime stats: 172 MiB RSS, 132 goroutines, 108 MiB/78 MiB/202 MiB GO alloc/idle/total, 15 MiB/18 MiB CGO alloc/total, 56.1 CGO/sec, 2.3/0.6 %(u/s)time, 0.0 %gc (0x), 5.5 KiB/17 KiB (r/w)net
I200103 21:51:59.132470 180 server/status/runtime.go:498  [n1] runtime stats: 173 MiB RSS, 132 goroutines, 114 MiB/72 MiB/202 MiB GO alloc/idle/total, 15 MiB/18 MiB CGO alloc/total, 23.1 CGO/sec, 1.9/0.7 %(u/s)time, 0.0 %gc (0x), 6.6 KiB/16 KiB (r/w)net
I200103 21:52:09.132810 180 server/status/runtime.go:498  [n1] runtime stats: 173 MiB RSS, 134 goroutines, 121 MiB/65 MiB/202 MiB GO alloc/idle/total, 15 MiB/18 MiB CGO alloc/total, 23.8 CGO/sec, 2.2/0.6 %(u/s)time, 0.0 %gc (0x), 6.4 KiB/13 KiB (r/w)net
I200103 21:52:19.133189 180 server/status/runtime.go:498  [n1] runtime stats: 173 MiB RSS, 133 goroutines, 128 MiB/59 MiB/202 MiB GO alloc/idle/total, 15 MiB/18 MiB CGO alloc/total, 29.3 CGO/sec, 2.2/0.6 %(u/s)time, 0.0 %gc (0x), 3.7 KiB/11 KiB (r/w)net
I200103 21:52:29.133580 180 server/status/runtime.go:498  [n1] runtime stats: 173 MiB RSS, 133 goroutines, 135 MiB/52 MiB/202 MiB GO alloc/idle/total, 15 MiB/18 MiB CGO alloc/total, 34.6 CGO/sec, 2.4/0.8 %(u/s)time, 0.0 %gc (0x), 7.3 KiB/18 KiB (r/w)net
I200103 21:52:39.119990 32 gossip/gossip.go:566  [n1] gossip status (ok, 1 node)
gossip client (0/3 cur/max conns)
gossip server (0/3 cur/max conns, infos 0/0 sent/received, bytes 0B/0B sent/received)
I200103 21:52:39.133951 180 server/status/runtime.go:498  [n1] runtime stats: 174 MiB RSS, 133 goroutines, 142 MiB/46 MiB/202 MiB GO alloc/idle/total, 15 MiB/18 MiB CGO alloc/total, 22.4 CGO/sec, 2.7/0.5 %(u/s)time, 0.0 %gc (0x), 12 KiB/22 KiB (r/w)net
I200103 21:52:49.134193 180 server/status/runtime.go:498  [n1] runtime stats: 178 MiB RSS, 132 goroutines, 79 MiB/104 MiB/202 MiB GO alloc/idle/total, 15 MiB/18 MiB CGO alloc/total, 52.6 CGO/sec, 4.0/0.5 %(u/s)time, 0.0 %gc (1x), 3.4 KiB/11 KiB (r/w)net
I200103 21:52:59.134391 180 server/status/runtime.go:498  [n1] runtime stats: 179 MiB RSS, 132 goroutines, 86 MiB/98 MiB/202 MiB GO alloc/idle/total, 15 MiB/19 MiB CGO alloc/total, 24.5 CGO/sec, 2.0/0.6 %(u/s)time, 0.0 %gc (0x), 13 KiB/15 KiB (r/w)net
I200103 21:53:09.134872 180 server/status/runtime.go:498  [n1] runtime stats: 179 MiB RSS, 132 goroutines, 93 MiB/92 MiB/202 MiB GO alloc/idle/total, 15 MiB/19 MiB CGO alloc/total, 26.9 CGO/sec, 2.3/0.8 %(u/s)time, 0.0 %gc (0x), 14 KiB/15 KiB (r/w)net
I200103 21:53:19.135047 180 server/status/runtime.go:498  [n1] runtime stats: 179 MiB RSS, 133 goroutines, 100 MiB/86 MiB/202 MiB GO alloc/idle/total, 15 MiB/19 MiB CGO alloc/total, 26.8 CGO/sec, 2.2/0.5 %(u/s)time, 0.0 %gc (0x), 9.1 KiB/15 KiB (r/w)net
I200103 21:53:22.376008 668 sql/event_log.go:130  [n1,client=127.0.0.1:44224,user=root] Event: "create_database", target: 52, info: {DatabaseName:bank Statement:CREATE DATABASE bank User:root}
I200103 21:53:29.135774 180 server/status/runtime.go:498  [n1] runtime stats: 179 MiB RSS, 133 goroutines, 107 MiB/79 MiB/202 MiB GO alloc/idle/total, 15 MiB/19 MiB CGO alloc/total, 45.5 CGO/sec, 2.7/0.6 %(u/s)time, 0.0 %gc (0x), 9.9 KiB/22 KiB (r/w)net
I200103 21:53:39.119996 32 gossip/gossip.go:566  [n1] gossip status (ok, 1 node)
gossip client (0/3 cur/max conns)
gossip server (0/3 cur/max conns, infos 0/0 sent/received, bytes 0B/0B sent/received)
I200103 21:53:39.135748 180 server/status/runtime.go:498  [n1] runtime stats: 180 MiB RSS, 135 goroutines, 114 MiB/73 MiB/202 MiB GO alloc/idle/total, 22 MiB/27 MiB CGO alloc/total, 26.0 CGO/sec, 2.0/0.9 %(u/s)time, 0.0 %gc (0x), 17 KiB/19 KiB (r/w)net
I200103 21:53:47.066310 668 sql/event_log.go:130  [n1,client=127.0.0.1:44224,user=root] Event: "create_database", target: 53, info: {DatabaseName:testtech Statement:CREATE DATABASE testtech User:root}
I200103 21:53:49.135908 180 server/status/runtime.go:498  [n1] runtime stats: 180 MiB RSS, 132 goroutines, 122 MiB/65 MiB/202 MiB GO alloc/idle/total, 23 MiB/27 MiB CGO alloc/total, 73.0 CGO/sec, 3.3/0.7 %(u/s)time, 0.0 %gc (0x), 3.5 KiB/8.7 KiB (r/w)net
I200103 21:53:59.136577 180 server/status/runtime.go:498  [n1] runtime stats: 180 MiB RSS, 132 goroutines, 129 MiB/59 MiB/202 MiB GO alloc/idle/total, 22 MiB/27 MiB CGO alloc/total, 35.6 CGO/sec, 2.2/0.8 %(u/s)time, 0.0 %gc (0x), 4.8 KiB/14 KiB (r/w)net
I200103 21:54:09.136433 180 server/status/runtime.go:498  [n1] runtime stats: 180 MiB RSS, 132 goroutines, 135 MiB/52 MiB/202 MiB GO alloc/idle/total, 22 MiB/27 MiB CGO alloc/total, 23.1 CGO/sec, 1.9/0.4 %(u/s)time, 0.0 %gc (0x), 174 KiB/118 KiB (r/w)net
I200103 21:54:19.136687 180 server/status/runtime.go:498  [n1] runtime stats: 180 MiB RSS, 133 goroutines, 142 MiB/45 MiB/202 MiB GO alloc/idle/total, 22 MiB/27 MiB CGO alloc/total, 26.5 CGO/sec, 2.3/0.3 %(u/s)time, 0.0 %gc (0x), 7.4 KiB/18 KiB (r/w)net
I200103 21:54:29.137280 180 server/status/runtime.go:498  [n1] runtime stats: 181 MiB RSS, 133 goroutines, 80 MiB/101 MiB/202 MiB GO alloc/idle/total, 22 MiB/27 MiB CGO alloc/total, 31.9 CGO/sec, 2.6/0.7 %(u/s)time, 0.0 %gc (1x), 7.1 KiB/18 KiB (r/w)net
I200103 21:54:39.120032 32 gossip/gossip.go:566  [n1] gossip status (ok, 1 node)
gossip client (0/3 cur/max conns)
gossip server (0/3 cur/max conns, infos 0/0 sent/received, bytes 0B/0B sent/received)
I200103 21:54:39.137556 180 server/status/runtime.go:498  [n1] runtime stats: 181 MiB RSS, 133 goroutines, 87 MiB/96 MiB/202 MiB GO alloc/idle/total, 22 MiB/27 MiB CGO alloc/total, 24.6 CGO/sec, 1.8/0.7 %(u/s)time, 0.0 %gc (0x), 6.6 KiB/13 KiB (r/w)net
I200103 21:54:49.138265 180 server/status/runtime.go:498  [n1] runtime stats: 182 MiB RSS, 132 goroutines, 95 MiB/90 MiB/202 MiB GO alloc/idle/total, 22 MiB/27 MiB CGO alloc/total, 50.5 CGO/sec, 2.5/0.8 %(u/s)time, 0.0 %gc (0x), 2.7 KiB/9.0 KiB (r/w)net
I200103 21:54:59.138472 180 server/status/runtime.go:498  [n1] runtime stats: 182 MiB RSS, 132 goroutines, 102 MiB/83 MiB/202 MiB GO alloc/idle/total, 22 MiB/27 MiB CGO alloc/total, 29.0 CGO/sec, 2.2/0.6 %(u/s)time, 0.0 %gc (0x), 3.5 KiB/10 KiB (r/w)net
I200103 21:55:09.138873 180 server/status/runtime.go:498  [n1] runtime stats: 182 MiB RSS, 132 goroutines, 108 MiB/77 MiB/202 MiB GO alloc/idle/total, 22 MiB/27 MiB CGO alloc/total, 23.8 CGO/sec, 2.1/0.7 %(u/s)time, 0.0 %gc (0x), 10 KiB/19 KiB (r/w)net
I200103 21:55:19.140869 180 server/status/runtime.go:498  [n1] runtime stats: 183 MiB RSS, 133 goroutines, 115 MiB/71 MiB/202 MiB GO alloc/idle/total, 22 MiB/27 MiB CGO alloc/total, 29.4 CGO/sec, 2.2/0.6 %(u/s)time, 0.0 %gc (0x), 3.8 KiB/10 KiB (r/w)net
I200103 21:55:29.139867 180 server/status/runtime.go:498  [n1] runtime stats: 183 MiB RSS, 133 goroutines, 122 MiB/64 MiB/202 MiB GO alloc/idle/total, 22 MiB/27 MiB CGO alloc/total, 22.7 CGO/sec, 2.2/0.6 %(u/s)time, 0.0 %gc (0x), 9.2 KiB/14 KiB (r/w)net
I200103 21:55:39.119852 32 gossip/gossip.go:566  [n1] gossip status (ok, 1 node)
gossip client (0/3 cur/max conns)
gossip server (0/3 cur/max conns, infos 0/0 sent/received, bytes 0B/0B sent/received)
I200103 21:55:39.140255 180 server/status/runtime.go:498  [n1] runtime stats: 183 MiB RSS, 134 goroutines, 129 MiB/58 MiB/202 MiB GO alloc/idle/total, 22 MiB/27 MiB CGO alloc/total, 30.2 CGO/sec, 2.4/0.5 %(u/s)time, 0.0 %gc (0x), 7.2 KiB/13 KiB (r/w)net
I200103 21:55:49.140400 180 server/status/runtime.go:498  [n1] runtime stats: 184 MiB RSS, 132 goroutines, 136 MiB/51 MiB/202 MiB GO alloc/idle/total, 22 MiB/27 MiB CGO alloc/total, 52.4 CGO/sec, 2.7/0.5 %(u/s)time, 0.0 %gc (0x), 2.5 KiB/9.1 KiB (r/w)net
I200103 21:55:59.141232 180 server/status/runtime.go:498  [n1] runtime stats: 184 MiB RSS, 132 goroutines, 143 MiB/44 MiB/202 MiB GO alloc/idle/total, 22 MiB/27 MiB CGO alloc/total, 24.4 CGO/sec, 1.9/0.6 %(u/s)time, 0.0 %gc (0x), 11 KiB/11 KiB (r/w)net
I200103 21:56:09.140892 180 server/status/runtime.go:498  [n1] runtime stats: 186 MiB RSS, 132 goroutines, 78 MiB/104 MiB/202 MiB GO alloc/idle/total, 22 MiB/27 MiB CGO alloc/total, 26.6 CGO/sec, 3.4/0.6 %(u/s)time, 0.0 %gc (1x), 9.7 KiB/19 KiB (r/w)net
I200103 21:56:19.141489 180 server/status/runtime.go:498  [n1] runtime stats: 186 MiB RSS, 133 goroutines, 85 MiB/98 MiB/202 MiB GO alloc/idle/total, 22 MiB/27 MiB CGO alloc/total, 27.0 CGO/sec, 2.1/0.6 %(u/s)time, 0.0 %gc (0x), 2.9 KiB/9.4 KiB (r/w)net
I200103 21:56:29.142285 180 server/status/runtime.go:498  [n1] runtime stats: 186 MiB RSS, 133 goroutines, 92 MiB/92 MiB/202 MiB GO alloc/idle/total, 22 MiB/27 MiB CGO alloc/total, 22.5 CGO/sec, 1.8/0.6 %(u/s)time, 0.0 %gc (0x), 14 KiB/15 KiB (r/w)net
I200103 21:56:39.119695 32 gossip/gossip.go:566  [n1] gossip status (ok, 1 node)
gossip client (0/3 cur/max conns)
gossip server (0/3 cur/max conns, infos 0/0 sent/received, bytes 0B/0B sent/received)
I200103 21:56:39.140541 180 server/status/runtime.go:498  [n1] runtime stats: 186 MiB RSS, 134 goroutines, 99 MiB/86 MiB/202 MiB GO alloc/idle/total, 22 MiB/27 MiB CGO alloc/total, 25.7 CGO/sec, 2.0/0.7 %(u/s)time, 0.0 %gc (0x), 56 KiB/47 KiB (r/w)net
I200103 21:56:49.148631 180 server/status/runtime.go:498  [n1] runtime stats: 186 MiB RSS, 132 goroutines, 107 MiB/79 MiB/202 MiB GO alloc/idle/total, 22 MiB/27 MiB CGO alloc/total, 59.3 CGO/sec, 2.0/0.5 %(u/s)time, 0.0 %gc (0x), 218 KiB/95 KiB (r/w)net
I200103 21:56:59.143177 180 server/status/runtime.go:498  [n1] runtime stats: 186 MiB RSS, 132 goroutines, 113 MiB/73 MiB/202 MiB GO alloc/idle/total, 22 MiB/27 MiB CGO alloc/total, 24.5 CGO/sec, 2.3/0.6 %(u/s)time, 0.0 %gc (0x), 6.6 KiB/14 KiB (r/w)net
I200103 21:57:09.143290 180 server/status/runtime.go:498  [n1] runtime stats: 187 MiB RSS, 132 goroutines, 120 MiB/66 MiB/202 MiB GO alloc/idle/total, 22 MiB/27 MiB CGO alloc/total, 23.1 CGO/sec, 2.1/0.3 %(u/s)time, 0.0 %gc (0x), 4.7 KiB/12 KiB (r/w)net
I200103 21:57:19.142169 180 server/status/runtime.go:498  [n1] runtime stats: 187 MiB RSS, 133 goroutines, 127 MiB/60 MiB/202 MiB GO alloc/idle/total, 22 MiB/27 MiB CGO alloc/total, 26.8 CGO/sec, 1.9/0.7 %(u/s)time, 0.0 %gc (0x), 26 KiB/20 KiB (r/w)net
I200103 21:57:29.143927 180 server/status/runtime.go:498  [n1] runtime stats: 188 MiB RSS, 133 goroutines, 133 MiB/54 MiB/202 MiB GO alloc/idle/total, 22 MiB/27 MiB CGO alloc/total, 23.7 CGO/sec, 1.1/0.5 %(u/s)time, 0.0 %gc (0x), 126 KiB/104 KiB (r/w)net
I200103 21:57:39.119872 32 gossip/gossip.go:566  [n1] gossip status (ok, 1 node)
gossip client (0/3 cur/max conns)
gossip server (0/3 cur/max conns, infos 0/0 sent/received, bytes 0B/0B sent/received)
I200103 21:57:39.144337 180 server/status/runtime.go:498  [n1] runtime stats: 188 MiB RSS, 134 goroutines, 140 MiB/47 MiB/202 MiB GO alloc/idle/total, 22 MiB/27 MiB CGO alloc/total, 25.7 CGO/sec, 2.4/0.6 %(u/s)time, 0.0 %gc (0x), 5.7 KiB/12 KiB (r/w)net
I200103 21:57:49.145744 180 server/status/runtime.go:498  [n1] runtime stats: 188 MiB RSS, 132 goroutines, 148 MiB/39 MiB/202 MiB GO alloc/idle/total, 22 MiB/27 MiB CGO alloc/total, 58.8 CGO/sec, 2.7/0.8 %(u/s)time, 0.0 %gc (0x), 3.9 KiB/11 KiB (r/w)net
I200103 21:57:59.120034 31 storage/store.go:2364  [n1,s1] sstables (read amplification = 1):
0 [ 82K 1 ]: 82K
I200103 21:57:59.120155 31 storage/store.go:2365  [n1,s1] 
** Compaction Stats [default] **
Level    Files   Size     Score Read(GB)  Rn(GB) Rnp1(GB) Write(GB) Wnew(GB) Moved(GB) W-Amp Rd(MB/s) Wr(MB/s) Comp(sec) CompMergeCPU(sec) Comp(cnt) Avg(sec) KeyIn KeyDrop
----------------------------------------------------------------------------------------------------------------------------------------------------------------------------
  L0      1/0   81.59 KB   0.5      0.0     0.0      0.0       0.0      0.0       0.0   1.0      0.0      0.8      0.10              0.00         1    0.096       0      0
 Sum      1/0   81.59 KB   0.0      0.0     0.0      0.0       0.0      0.0       0.0   1.0      0.0      0.8      0.10              0.00         1    0.096       0      0
 Int      0/0    0.00 KB   0.0      0.0     0.0      0.0       0.0      0.0       0.0   0.0      0.0      0.0      0.00              0.00         0    0.000       0      0

** Compaction Stats [default] **
Priority    Files   Size     Score Read(GB)  Rn(GB) Rnp1(GB) Write(GB) Wnew(GB) Moved(GB) W-Amp Rd(MB/s) Wr(MB/s) Comp(sec) CompMergeCPU(sec) Comp(cnt) Avg(sec) KeyIn KeyDrop
-------------------------------------------------------------------------------------------------------------------------------------------------------------------------------
User      0/0    0.00 KB   0.0      0.0     0.0      0.0       0.0      0.0       0.0   0.0      0.0      0.8      0.10              0.00         1    0.096       0      0
Uptime(secs): 620.5 total, 600.0 interval
Flush(GB): cumulative 0.000, interval 0.000
AddFile(GB): cumulative 0.000, interval 0.000
AddFile(Total Files): cumulative 0, interval 0
AddFile(L0 Files): cumulative 0, interval 0
AddFile(Keys): cumulative 0, interval 0
Cumulative compaction: 0.00 GB write, 0.00 MB/s write, 0.00 GB read, 0.00 MB/s read, 0.1 seconds
Interval compaction: 0.00 GB write, 0.00 MB/s write, 0.00 GB read, 0.00 MB/s read, 0.0 seconds
Stalls(count): 0 level0_slowdown, 0 level0_slowdown_with_compaction, 0 level0_numfiles, 0 level0_numfiles_with_compaction, 0 stop for pending_compaction_bytes, 0 slowdown for pending_compaction_bytes, 0 memtable_compaction, 0 memtable_slowdown, interval 0 total count
estimated_pending_compaction_bytes: 0 B
I200103 21:57:59.143292 180 server/status/runtime.go:498  [n1] runtime stats: 188 MiB RSS, 132 goroutines, 86 MiB/96 MiB/202 MiB GO alloc/idle/total, 22 MiB/27 MiB CGO alloc/total, 24.3 CGO/sec, 3.3/0.5 %(u/s)time, 0.0 %gc (1x), 13 KiB/10 KiB (r/w)net
I200103 21:58:09.145253 180 server/status/runtime.go:498  [n1] runtime stats: 189 MiB RSS, 133 goroutines, 93 MiB/90 MiB/202 MiB GO alloc/idle/total, 22 MiB/27 MiB CGO alloc/total, 23.8 CGO/sec, 2.2/0.7 %(u/s)time, 0.0 %gc (0x), 3.8 KiB/10 KiB (r/w)net
I200103 21:58:19.143827 180 server/status/runtime.go:498  [n1] runtime stats: 189 MiB RSS, 133 goroutines, 100 MiB/84 MiB/202 MiB GO alloc/idle/total, 22 MiB/27 MiB CGO alloc/total, 29.7 CGO/sec, 2.3/0.3 %(u/s)time, 0.0 %gc (0x), 61 KiB/50 KiB (r/w)net
I200103 21:58:29.146983 180 server/status/runtime.go:498  [n1] runtime stats: 189 MiB RSS, 133 goroutines, 106 MiB/78 MiB/202 MiB GO alloc/idle/total, 22 MiB/27 MiB CGO alloc/total, 24.5 CGO/sec, 1.2/0.7 %(u/s)time, 0.0 %gc (0x), 78 KiB/79 KiB (r/w)net
I200103 21:58:39.120266 32 gossip/gossip.go:566  [n1] gossip status (ok, 1 node)
gossip client (0/3 cur/max conns)
gossip server (0/3 cur/max conns, infos 0/0 sent/received, bytes 0B/0B sent/received)
I200103 21:58:39.146467 180 server/status/runtime.go:498  [n1] runtime stats: 190 MiB RSS, 134 goroutines, 113 MiB/72 MiB/202 MiB GO alloc/idle/total, 22 MiB/27 MiB CGO alloc/total, 27.8 CGO/sec, 2.6/0.4 %(u/s)time, 0.0 %gc (0x), 4.4 KiB/12 KiB (r/w)net
I200103 21:58:49.147940 180 server/status/runtime.go:498  [n1] runtime stats: 190 MiB RSS, 132 goroutines, 121 MiB/65 MiB/202 MiB GO alloc/idle/total, 22 MiB/27 MiB CGO alloc/total, 52.0 CGO/sec, 2.4/1.0 %(u/s)time, 0.0 %gc (0x), 3.2 KiB/9.6 KiB (r/w)net
I200103 21:58:59.146531 180 server/status/runtime.go:498  [n1] runtime stats: 190 MiB RSS, 132 goroutines, 128 MiB/59 MiB/202 MiB GO alloc/idle/total, 21 MiB/27 MiB CGO alloc/total, 27.7 CGO/sec, 1.6/0.7 %(u/s)time, 0.0 %gc (0x), 95 KiB/73 KiB (r/w)net
I200103 21:59:09.147615 180 server/status/runtime.go:498  [n1] runtime stats: 190 MiB RSS, 132 goroutines, 134 MiB/53 MiB/202 MiB GO alloc/idle/total, 21 MiB/27 MiB CGO alloc/total, 20.8 CGO/sec, 1.9/0.2 %(u/s)time, 0.0 %gc (0x), 6.9 KiB/18 KiB (r/w)net
I200103 21:59:19.147729 180 server/status/runtime.go:498  [n1] runtime stats: 190 MiB RSS, 133 goroutines, 141 MiB/46 MiB/202 MiB GO alloc/idle/total, 21 MiB/27 MiB CGO alloc/total, 28.7 CGO/sec, 2.2/0.5 %(u/s)time, 0.0 %gc (0x), 4.9 KiB/12 KiB (r/w)net
I200103 21:59:29.147928 180 server/status/runtime.go:498  [n1] runtime stats: 191 MiB RSS, 133 goroutines, 147 MiB/40 MiB/202 MiB GO alloc/idle/total, 29 MiB/35 MiB CGO alloc/total, 24.7 CGO/sec, 1.9/0.8 %(u/s)time, 0.0 %gc (0x), 14 KiB/22 KiB (r/w)net
I200103 21:59:39.119907 32 gossip/gossip.go:566  [n1] gossip status (ok, 1 node)
gossip client (0/3 cur/max conns)
gossip server (0/3 cur/max conns, infos 0/0 sent/received, bytes 0B/0B sent/received)
I200103 21:59:39.148862 180 server/status/runtime.go:498  [n1] runtime stats: 193 MiB RSS, 134 goroutines, 78 MiB/103 MiB/202 MiB GO alloc/idle/total, 29 MiB/35 MiB CGO alloc/total, 23.4 CGO/sec, 2.7/0.6 %(u/s)time, 0.0 %gc (1x), 5.6 KiB/13 KiB (r/w)net
I200103 21:59:49.148371 180 server/status/runtime.go:498  [n1] runtime stats: 193 MiB RSS, 132 goroutines, 86 MiB/97 MiB/202 MiB GO alloc/idle/total, 29 MiB/35 MiB CGO alloc/total, 53.4 CGO/sec, 2.5/0.7 %(u/s)time, 0.0 %gc (0x), 4.7 KiB/14 KiB (r/w)net
I200103 21:59:59.147928 180 server/status/runtime.go:498  [n1] runtime stats: 194 MiB RSS, 132 goroutines, 93 MiB/91 MiB/202 MiB GO alloc/idle/total, 29 MiB/35 MiB CGO alloc/total, 25.0 CGO/sec, 2.1/0.2 %(u/s)time, 0.0 %gc (0x), 27 KiB/36 KiB (r/w)net
I200103 22:00:09.148746 180 server/status/runtime.go:498  [n1] runtime stats: 194 MiB RSS, 132 goroutines, 100 MiB/85 MiB/202 MiB GO alloc/idle/total, 29 MiB/35 MiB CGO alloc/total, 24.8 CGO/sec, 1.9/0.4 %(u/s)time, 0.0 %gc (0x), 101 KiB/50 KiB (r/w)net
I200103 22:00:19.148000 180 server/status/runtime.go:498  [n1] runtime stats: 194 MiB RSS, 133 goroutines, 107 MiB/79 MiB/202 MiB GO alloc/idle/total, 29 MiB/35 MiB CGO alloc/total, 26.5 CGO/sec, 2.0/0.4 %(u/s)time, 0.0 %gc (0x), 97 KiB/27 KiB (r/w)net
I200103 22:00:29.147816 180 server/status/runtime.go:498  [n1] runtime stats: 194 MiB RSS, 133 goroutines, 113 MiB/73 MiB/202 MiB GO alloc/idle/total, 29 MiB/35 MiB CGO alloc/total, 24.5 CGO/sec, 1.5/0.5 %(u/s)time, 0.0 %gc (0x), 131 KiB/47 KiB (r/w)net
I200103 22:00:39.119733 32 gossip/gossip.go:566  [n1] gossip status (ok, 1 node)
gossip client (0/3 cur/max conns)
gossip server (0/3 cur/max conns, infos 0/0 sent/received, bytes 0B/0B sent/received)
I200103 22:00:39.148036 180 server/status/runtime.go:498  [n1] runtime stats: 194 MiB RSS, 133 goroutines, 120 MiB/66 MiB/202 MiB GO alloc/idle/total, 29 MiB/35 MiB CGO alloc/total, 27.1 CGO/sec, 1.4/0.2 %(u/s)time, 0.0 %gc (0x), 1.0 MiB/112 KiB (r/w)net
I200103 22:00:49.150287 180 server/status/runtime.go:498  [n1] runtime stats: 195 MiB RSS, 132 goroutines, 128 MiB/60 MiB/202 MiB GO alloc/idle/total, 29 MiB/35 MiB CGO alloc/total, 52.3 CGO/sec, 2.4/0.3 %(u/s)time, 0.0 %gc (0x), 20 KiB/26 KiB (r/w)net
I200103 22:00:59.150699 180 server/status/runtime.go:498  [n1] runtime stats: 195 MiB RSS, 132 goroutines, 134 MiB/53 MiB/202 MiB GO alloc/idle/total, 29 MiB/35 MiB CGO alloc/total, 20.6 CGO/sec, 1.8/0.4 %(u/s)time, 0.0 %gc (0x), 38 KiB/33 KiB (r/w)net
I200103 22:01:09.151166 180 server/status/runtime.go:498  [n1] runtime stats: 195 MiB RSS, 134 goroutines, 141 MiB/47 MiB/202 MiB GO alloc/idle/total, 29 MiB/35 MiB CGO alloc/total, 28.9 CGO/sec, 2.0/0.3 %(u/s)time, 0.0 %gc (0x), 245 KiB/46 KiB (r/w)net
I200103 22:01:19.149473 180 server/status/runtime.go:498  [n1] runtime stats: 195 MiB RSS, 133 goroutines, 147 MiB/40 MiB/202 MiB GO alloc/idle/total, 29 MiB/35 MiB CGO alloc/total, 30.0 CGO/sec, 2.0/0.4 %(u/s)time, 0.0 %gc (0x), 873 KiB/97 KiB (r/w)net
I200103 22:01:29.151407 180 server/status/runtime.go:498  [n1] runtime stats: 195 MiB RSS, 133 goroutines, 82 MiB/100 MiB/202 MiB GO alloc/idle/total, 29 MiB/35 MiB CGO alloc/total, 22.9 CGO/sec, 1.8/0.3 %(u/s)time, 0.0 %gc (1x), 127 KiB/95 KiB (r/w)net
I200103 22:01:39.120236 32 gossip/gossip.go:566  [n1] gossip status (ok, 1 node)
gossip client (0/3 cur/max conns)
gossip server (0/3 cur/max conns, infos 0/0 sent/received, bytes 0B/0B sent/received)
I200103 22:01:39.151766 180 server/status/runtime.go:498  [n1] runtime stats: 195 MiB RSS, 133 goroutines, 89 MiB/94 MiB/202 MiB GO alloc/idle/total, 29 MiB/35 MiB CGO alloc/total, 26.9 CGO/sec, 1.6/1.4 %(u/s)time, 0.0 %gc (0x), 6.2 KiB/14 KiB (r/w)net
I200103 22:01:49.152201 180 server/status/runtime.go:498  [n1] runtime stats: 196 MiB RSS, 132 goroutines, 97 MiB/87 MiB/202 MiB GO alloc/idle/total, 29 MiB/35 MiB CGO alloc/total, 56.4 CGO/sec, 2.7/0.7 %(u/s)time, 0.0 %gc (0x), 12 KiB/9.5 KiB (r/w)net
I200103 22:01:59.152524 180 server/status/runtime.go:498  [n1] runtime stats: 196 MiB RSS, 132 goroutines, 104 MiB/81 MiB/202 MiB GO alloc/idle/total, 29 MiB/35 MiB CGO alloc/total, 26.3 CGO/sec, 2.4/0.4 %(u/s)time, 0.0 %gc (0x), 4.9 KiB/12 KiB (r/w)net
I200103 22:02:09.155195 180 server/status/runtime.go:498  [n1] runtime stats: 196 MiB RSS, 132 goroutines, 110 MiB/75 MiB/202 MiB GO alloc/idle/total, 29 MiB/35 MiB CGO alloc/total, 22.4 CGO/sec, 2.0/0.5 %(u/s)time, 0.0 %gc (0x), 4.8 KiB/12 KiB (r/w)net
I200103 22:02:19.152216 180 server/status/runtime.go:498  [n1] runtime stats: 197 MiB RSS, 133 goroutines, 117 MiB/69 MiB/202 MiB GO alloc/idle/total, 29 MiB/35 MiB CGO alloc/total, 26.6 CGO/sec, 2.2/0.4 %(u/s)time, 0.0 %gc (0x), 9.2 KiB/21 KiB (r/w)net
I200103 22:02:29.154794 180 server/status/runtime.go:498  [n1] runtime stats: 197 MiB RSS, 133 goroutines, 124 MiB/63 MiB/202 MiB GO alloc/idle/total, 29 MiB/35 MiB CGO alloc/total, 23.1 CGO/sec, 2.3/0.4 %(u/s)time, 0.0 %gc (0x), 6.3 KiB/16 KiB (r/w)net
I200103 22:02:39.119864 32 gossip/gossip.go:566  [n1] gossip status (ok, 1 node)
gossip client (0/3 cur/max conns)
gossip server (0/3 cur/max conns, infos 0/0 sent/received, bytes 0B/0B sent/received)
I200103 22:02:39.154432 180 server/status/runtime.go:498  [n1] runtime stats: 197 MiB RSS, 133 goroutines, 130 MiB/56 MiB/202 MiB GO alloc/idle/total, 29 MiB/35 MiB CGO alloc/total, 27.7 CGO/sec, 2.1/0.8 %(u/s)time, 0.0 %gc (0x), 5.0 KiB/13 KiB (r/w)net
I200103 22:02:49.154485 180 server/status/runtime.go:498  [n1] runtime stats: 198 MiB RSS, 132 goroutines, 138 MiB/50 MiB/202 MiB GO alloc/idle/total, 29 MiB/35 MiB CGO alloc/total, 53.0 CGO/sec, 2.2/0.6 %(u/s)time, 0.0 %gc (0x), 12 KiB/19 KiB (r/w)net
I200103 22:02:59.155540 180 server/status/runtime.go:498  [n1] runtime stats: 198 MiB RSS, 132 goroutines, 144 MiB/43 MiB/202 MiB GO alloc/idle/total, 28 MiB/35 MiB CGO alloc/total, 22.9 CGO/sec, 1.9/0.6 %(u/s)time, 0.0 %gc (0x), 4.7 KiB/13 KiB (r/w)net
I200103 22:03:09.155366 180 server/status/runtime.go:498  [n1] runtime stats: 198 MiB RSS, 132 goroutines, 79 MiB/102 MiB/202 MiB GO alloc/idle/total, 28 MiB/35 MiB CGO alloc/total, 24.3 CGO/sec, 2.7/0.4 %(u/s)time, 0.0 %gc (1x), 22 KiB/23 KiB (r/w)net
I200103 22:03:19.155825 180 server/status/runtime.go:498  [n1] runtime stats: 198 MiB RSS, 133 goroutines, 86 MiB/96 MiB/202 MiB GO alloc/idle/total, 28 MiB/35 MiB CGO alloc/total, 27.0 CGO/sec, 1.8/0.5 %(u/s)time, 0.0 %gc (0x), 11 KiB/22 KiB (r/w)net
I200103 22:03:29.156320 180 server/status/runtime.go:498  [n1] runtime stats: 198 MiB RSS, 133 goroutines, 93 MiB/90 MiB/202 MiB GO alloc/idle/total, 28 MiB/35 MiB CGO alloc/total, 25.9 CGO/sec, 2.1/0.8 %(u/s)time, 0.0 %gc (0x), 6.7 KiB/16 KiB (r/w)net
I200103 22:03:39.120052 32 gossip/gossip.go:566  [n1] gossip status (ok, 1 node)
gossip client (0/3 cur/max conns)
gossip server (0/3 cur/max conns, infos 0/0 sent/received, bytes 0B/0B sent/received)
I200103 22:03:39.156555 180 server/status/runtime.go:498  [n1] runtime stats: 198 MiB RSS, 133 goroutines, 100 MiB/84 MiB/202 MiB GO alloc/idle/total, 28 MiB/35 MiB CGO alloc/total, 27.0 CGO/sec, 2.6/0.4 %(u/s)time, 0.0 %gc (0x), 9.5 KiB/15 KiB (r/w)net
I200103 22:03:49.156809 180 server/status/runtime.go:498  [n1] runtime stats: 199 MiB RSS, 132 goroutines, 107 MiB/78 MiB/202 MiB GO alloc/idle/total, 28 MiB/35 MiB CGO alloc/total, 50.6 CGO/sec, 2.7/0.5 %(u/s)time, 0.0 %gc (0x), 6.2 KiB/14 KiB (r/w)net
I200103 22:03:59.157303 180 server/status/runtime.go:498  [n1] runtime stats: 199 MiB RSS, 132 goroutines, 114 MiB/72 MiB/202 MiB GO alloc/idle/total, 28 MiB/35 MiB CGO alloc/total, 23.1 CGO/sec, 2.1/0.4 %(u/s)time, 0.0 %gc (0x), 11 KiB/12 KiB (r/w)net
I200103 22:04:09.157218 180 server/status/runtime.go:498  [n1] runtime stats: 199 MiB RSS, 133 goroutines, 121 MiB/65 MiB/202 MiB GO alloc/idle/total, 28 MiB/35 MiB CGO alloc/total, 26.7 CGO/sec, 2.3/0.5 %(u/s)time, 0.0 %gc (0x), 9.9 KiB/16 KiB (r/w)net
I200103 22:04:19.158316 180 server/status/runtime.go:498  [n1] runtime stats: 200 MiB RSS, 133 goroutines, 128 MiB/59 MiB/202 MiB GO alloc/idle/total, 28 MiB/35 MiB CGO alloc/total, 28.2 CGO/sec, 2.3/0.6 %(u/s)time, 0.0 %gc (0x), 14 KiB/28 KiB (r/w)net
I200103 22:04:29.158489 180 server/status/runtime.go:498  [n1] runtime stats: 200 MiB RSS, 133 goroutines, 134 MiB/53 MiB/202 MiB GO alloc/idle/total, 28 MiB/35 MiB CGO alloc/total, 22.7 CGO/sec, 2.1/0.6 %(u/s)time, 0.0 %gc (0x), 3.5 KiB/11 KiB (r/w)net
I200103 22:04:39.119912 32 gossip/gossip.go:566  [n1] gossip status (ok, 1 node)
gossip client (0/3 cur/max conns)
gossip server (0/3 cur/max conns, infos 0/0 sent/received, bytes 0B/0B sent/received)
I200103 22:04:39.159434 180 server/status/runtime.go:498  [n1] runtime stats: 200 MiB RSS, 133 goroutines, 141 MiB/46 MiB/202 MiB GO alloc/idle/total, 28 MiB/35 MiB CGO alloc/total, 30.8 CGO/sec, 2.1/0.7 %(u/s)time, 0.0 %gc (0x), 5.0 KiB/13 KiB (r/w)net
I200103 22:04:49.159008 180 server/status/runtime.go:498  [n1] runtime stats: 200 MiB RSS, 132 goroutines, 148 MiB/39 MiB/202 MiB GO alloc/idle/total, 28 MiB/35 MiB CGO alloc/total, 50.6 CGO/sec, 2.8/0.7 %(u/s)time, 0.0 %gc (0x), 6.2 KiB/14 KiB (r/w)net
I200103 22:04:59.159013 180 server/status/runtime.go:498  [n1] runtime stats: 200 MiB RSS, 132 goroutines, 83 MiB/99 MiB/202 MiB GO alloc/idle/total, 28 MiB/35 MiB CGO alloc/total, 26.5 CGO/sec, 3.1/0.3 %(u/s)time, 0.0 %gc (1x), 3.9 KiB/12 KiB (r/w)net
I200103 22:05:09.159544 180 server/status/runtime.go:498  [n1] runtime stats: 201 MiB RSS, 132 goroutines, 90 MiB/93 MiB/202 MiB GO alloc/idle/total, 28 MiB/35 MiB CGO alloc/total, 24.7 CGO/sec, 2.3/0.4 %(u/s)time, 0.0 %gc (0x), 4.5 KiB/12 KiB (r/w)net
I200103 22:05:19.159749 180 server/status/runtime.go:498  [n1] runtime stats: 201 MiB RSS, 133 goroutines, 97 MiB/87 MiB/202 MiB GO alloc/idle/total, 28 MiB/35 MiB CGO alloc/total, 26.6 CGO/sec, 2.0/0.5 %(u/s)time, 0.0 %gc (0x), 7.2 KiB/16 KiB (r/w)net
I200103 22:05:29.160349 180 server/status/runtime.go:498  [n1] runtime stats: 201 MiB RSS, 133 goroutines, 103 MiB/81 MiB/202 MiB GO alloc/idle/total, 36 MiB/43 MiB CGO alloc/total, 24.8 CGO/sec, 1.9/0.7 %(u/s)time, 0.0 %gc (0x), 4.0 KiB/11 KiB (r/w)net
I200103 22:05:39.119961 32 gossip/gossip.go:566  [n1] gossip status (ok, 1 node)
gossip client (0/3 cur/max conns)
gossip server (0/3 cur/max conns, infos 0/0 sent/received, bytes 0B/0B sent/received)
I200103 22:05:39.160479 180 server/status/runtime.go:498  [n1] runtime stats: 201 MiB RSS, 134 goroutines, 110 MiB/75 MiB/202 MiB GO alloc/idle/total, 36 MiB/43 MiB CGO alloc/total, 24.4 CGO/sec, 2.1/0.6 %(u/s)time, 0.0 %gc (0x), 4.4 KiB/12 KiB (r/w)net
I200103 22:05:49.159577 180 server/status/runtime.go:498  [n1] runtime stats: 202 MiB RSS, 132 goroutines, 118 MiB/68 MiB/202 MiB GO alloc/idle/total, 36 MiB/43 MiB CGO alloc/total, 54.7 CGO/sec, 2.7/0.7 %(u/s)time, 0.0 %gc (0x), 23 KiB/32 KiB (r/w)net
I200103 22:05:59.159599 180 server/status/runtime.go:498  [n1] runtime stats: 202 MiB RSS, 132 goroutines, 124 MiB/62 MiB/202 MiB GO alloc/idle/total, 36 MiB/43 MiB CGO alloc/total, 22.4 CGO/sec, 1.1/0.4 %(u/s)time, 0.0 %gc (0x), 598 KiB/179 KiB (r/w)net
I200103 22:06:09.160166 180 server/status/runtime.go:498  [n1] runtime stats: 202 MiB RSS, 132 goroutines, 131 MiB/56 MiB/202 MiB GO alloc/idle/total, 36 MiB/43 MiB CGO alloc/total, 25.2 CGO/sec, 1.0/0.5 %(u/s)time, 0.0 %gc (0x), 602 KiB/159 KiB (r/w)net
I200103 22:06:19.159942 180 server/status/runtime.go:498  [n1] runtime stats: 202 MiB RSS, 133 goroutines, 137 MiB/50 MiB/202 MiB GO alloc/idle/total, 36 MiB/43 MiB CGO alloc/total, 26.4 CGO/sec, 1.6/0.6 %(u/s)time, 0.0 %gc (0x), 7.3 KiB/17 KiB (r/w)net
I200103 22:06:29.162424 180 server/status/runtime.go:498  [n1] runtime stats: 202 MiB RSS, 133 goroutines, 144 MiB/43 MiB/202 MiB GO alloc/idle/total, 36 MiB/43 MiB CGO alloc/total, 28.5 CGO/sec, 1.6/0.6 %(u/s)time, 0.0 %gc (0x), 5.5 KiB/16 KiB (r/w)net
I200103 22:06:39.119835 32 gossip/gossip.go:566  [n1] gossip status (ok, 1 node)
gossip client (0/3 cur/max conns)
gossip server (0/3 cur/max conns, infos 0/0 sent/received, bytes 0B/0B sent/received)
I200103 22:06:39.162824 180 server/status/runtime.go:498  [n1] runtime stats: 203 MiB RSS, 133 goroutines, 151 MiB/37 MiB/202 MiB GO alloc/idle/total, 36 MiB/43 MiB CGO alloc/total, 23.3 CGO/sec, 1.9/0.4 %(u/s)time, 0.0 %gc (0x), 8.2 KiB/21 KiB (r/w)net
I200103 22:06:49.162451 180 server/status/runtime.go:498  [n1] runtime stats: 203 MiB RSS, 132 goroutines, 87 MiB/95 MiB/202 MiB GO alloc/idle/total, 36 MiB/43 MiB CGO alloc/total, 54.1 CGO/sec, 3.3/0.3 %(u/s)time, 0.0 %gc (1x), 15 KiB/18 KiB (r/w)net
I200103 22:06:59.162761 180 server/status/runtime.go:498  [n1] runtime stats: 203 MiB RSS, 132 goroutines, 94 MiB/90 MiB/202 MiB GO alloc/idle/total, 36 MiB/43 MiB CGO alloc/total, 24.8 CGO/sec, 2.1/0.7 %(u/s)time, 0.0 %gc (0x), 8.6 KiB/21 KiB (r/w)net
I200103 22:07:09.163309 180 server/status/runtime.go:498  [n1] runtime stats: 203 MiB RSS, 132 goroutines, 101 MiB/84 MiB/202 MiB GO alloc/idle/total, 36 MiB/43 MiB CGO alloc/total, 25.9 CGO/sec, 2.2/0.5 %(u/s)time, 0.0 %gc (0x), 11 KiB/22 KiB (r/w)net
I200103 22:07:19.163956 180 server/status/runtime.go:498  [n1] runtime stats: 204 MiB RSS, 133 goroutines, 107 MiB/78 MiB/202 MiB GO alloc/idle/total, 36 MiB/43 MiB CGO alloc/total, 29.0 CGO/sec, 1.9/0.8 %(u/s)time, 0.0 %gc (0x), 5.0 KiB/13 KiB (r/w)net
I200103 22:07:29.164410 180 server/status/runtime.go:498  [n1] runtime stats: 204 MiB RSS, 133 goroutines, 114 MiB/72 MiB/202 MiB GO alloc/idle/total, 36 MiB/43 MiB CGO alloc/total, 26.9 CGO/sec, 2.0/0.5 %(u/s)time, 0.0 %gc (0x), 4.2 KiB/11 KiB (r/w)net
I200103 22:07:39.120014 32 gossip/gossip.go:566  [n1] gossip status (ok, 1 node)
gossip client (0/3 cur/max conns)
gossip server (0/3 cur/max conns, infos 0/0 sent/received, bytes 0B/0B sent/received)
I200103 22:07:39.164526 180 server/status/runtime.go:498  [n1] runtime stats: 204 MiB RSS, 133 goroutines, 121 MiB/65 MiB/202 MiB GO alloc/idle/total, 36 MiB/43 MiB CGO alloc/total, 25.0 CGO/sec, 2.2/0.6 %(u/s)time, 0.0 %gc (0x), 8.6 KiB/16 KiB (r/w)net
I200103 22:07:49.165241 180 server/status/runtime.go:498  [n1] runtime stats: 204 MiB RSS, 132 goroutines, 128 MiB/58 MiB/202 MiB GO alloc/idle/total, 36 MiB/43 MiB CGO alloc/total, 57.2 CGO/sec, 3.3/0.3 %(u/s)time, 0.0 %gc (0x), 20 KiB/16 KiB (r/w)net
I200103 22:07:59.120243 31 storage/store.go:2364  [n1,s1] sstables (read amplification = 1):
0 [ 82K 1 ]: 82K
I200103 22:07:59.120381 31 storage/store.go:2365  [n1,s1] 
** Compaction Stats [default] **
Level    Files   Size     Score Read(GB)  Rn(GB) Rnp1(GB) Write(GB) Wnew(GB) Moved(GB) W-Amp Rd(MB/s) Wr(MB/s) Comp(sec) CompMergeCPU(sec) Comp(cnt) Avg(sec) KeyIn KeyDrop
----------------------------------------------------------------------------------------------------------------------------------------------------------------------------
  L0      1/0   81.59 KB   0.5      0.0     0.0      0.0       0.0      0.0       0.0   1.0      0.0      0.8      0.10              0.00         1    0.096       0      0
 Sum      1/0   81.59 KB   0.0      0.0     0.0      0.0       0.0      0.0       0.0   1.0      0.0      0.8      0.10              0.00         1    0.096       0      0
 Int      0/0    0.00 KB   0.0      0.0     0.0      0.0       0.0      0.0       0.0   0.0      0.0      0.0      0.00              0.00         0    0.000       0      0

** Compaction Stats [default] **
Priority    Files   Size     Score Read(GB)  Rn(GB) Rnp1(GB) Write(GB) Wnew(GB) Moved(GB) W-Amp Rd(MB/s) Wr(MB/s) Comp(sec) CompMergeCPU(sec) Comp(cnt) Avg(sec) KeyIn KeyDrop
-------------------------------------------------------------------------------------------------------------------------------------------------------------------------------
User      0/0    0.00 KB   0.0      0.0     0.0      0.0       0.0      0.0       0.0   0.0      0.0      0.8      0.10              0.00         1    0.096       0      0
Uptime(secs): 1220.5 total, 600.0 interval
Flush(GB): cumulative 0.000, interval 0.000
AddFile(GB): cumulative 0.000, interval 0.000
AddFile(Total Files): cumulative 0, interval 0
AddFile(L0 Files): cumulative 0, interval 0
AddFile(Keys): cumulative 0, interval 0
Cumulative compaction: 0.00 GB write, 0.00 MB/s write, 0.00 GB read, 0.00 MB/s read, 0.1 seconds
Interval compaction: 0.00 GB write, 0.00 MB/s write, 0.00 GB read, 0.00 MB/s read, 0.0 seconds
Stalls(count): 0 level0_slowdown, 0 level0_slowdown_with_compaction, 0 level0_numfiles, 0 level0_numfiles_with_compaction, 0 stop for pending_compaction_bytes, 0 slowdown for pending_compaction_bytes, 0 memtable_compaction, 0 memtable_slowdown, interval 0 total count
estimated_pending_compaction_bytes: 0 B
I200103 22:07:59.163568 180 server/status/runtime.go:498  [n1] runtime stats: 204 MiB RSS, 132 goroutines, 135 MiB/52 MiB/202 MiB GO alloc/idle/total, 36 MiB/43 MiB CGO alloc/total, 28.5 CGO/sec, 1.9/0.5 %(u/s)time, 0.0 %gc (0x), 8.0 KiB/20 KiB (r/w)net
I200103 22:08:09.165610 180 server/status/runtime.go:498  [n1] runtime stats: 205 MiB RSS, 132 goroutines, 142 MiB/46 MiB/202 MiB GO alloc/idle/total, 36 MiB/43 MiB CGO alloc/total, 20.8 CGO/sec, 2.1/0.5 %(u/s)time, 0.0 %gc (0x), 18 KiB/23 KiB (r/w)net
I200103 22:08:18.479205 13942 sql/event_log.go:130  [n1,client=127.0.0.1:44820,user=root] Event: "create_table", target: 54, info: {TableName:postgres.public.domain_info Statement:CREATE TABLE domain_info (domain STRING PRIMARY KEY, servers_changed BOOL, ssl_grade STRING, previous_ssl_grade STRING, logo STRING, title STRING, is_down BOOL) User:root}
I200103 22:08:18.523366 13969 storage/replica_command.go:411  [n1,split,s1,r24/1:/{Table/28-Max}] initiating a split of this range at key /Table/54 [r25] (zone config)
I200103 22:08:18.913945 13942 sql/event_log.go:130  [n1,client=127.0.0.1:44820,user=root] Event: "create_table", target: 55, info: {TableName:postgres.public.servers_info Statement:CREATE TABLE servers_info (address STRING, ssl_grade STRING, country STRING, owner STRING, domain STRING) User:root}
I200103 22:08:18.916048 13950 storage/replica_command.go:411  [n1,split,s1,r25/1:/{Table/54-Max}] initiating a split of this range at key /Table/55 [r26] (zone config)
I200103 22:08:19.165736 180 server/status/runtime.go:498  [n1] runtime stats: 205 MiB RSS, 140 goroutines, 150 MiB/37 MiB/202 MiB GO alloc/idle/total, 36 MiB/43 MiB CGO alloc/total, 130.4 CGO/sec, 3.7/0.8 %(u/s)time, 0.0 %gc (0x), 8.9 KiB/20 KiB (r/w)net
I200103 22:08:29.166418 180 server/status/runtime.go:498  [n1] runtime stats: 205 MiB RSS, 134 goroutines, 82 MiB/99 MiB/202 MiB GO alloc/idle/total, 36 MiB/43 MiB CGO alloc/total, 30.3 CGO/sec, 2.7/0.5 %(u/s)time, 0.0 %gc (1x), 4.9 KiB/15 KiB (r/w)net
I200103 22:08:39.119978 32 gossip/gossip.go:566  [n1] gossip status (ok, 1 node)
gossip client (0/3 cur/max conns)
gossip server (0/3 cur/max conns, infos 0/0 sent/received, bytes 0B/0B sent/received)
I200103 22:08:39.166977 180 server/status/runtime.go:498  [n1] runtime stats: 206 MiB RSS, 143 goroutines, 90 MiB/92 MiB/202 MiB GO alloc/idle/total, 37 MiB/44 MiB CGO alloc/total, 30.4 CGO/sec, 2.8/0.6 %(u/s)time, 0.0 %gc (0x), 11 KiB/21 KiB (r/w)net
I200103 22:08:49.167671 180 server/status/runtime.go:498  [n1] runtime stats: 206 MiB RSS, 142 goroutines, 98 MiB/85 MiB/202 MiB GO alloc/idle/total, 37 MiB/44 MiB CGO alloc/total, 61.6 CGO/sec, 2.9/0.9 %(u/s)time, 0.0 %gc (0x), 12 KiB/26 KiB (r/w)net
I200103 22:08:59.167878 180 server/status/runtime.go:498  [n1] runtime stats: 207 MiB RSS, 142 goroutines, 105 MiB/79 MiB/202 MiB GO alloc/idle/total, 37 MiB/44 MiB CGO alloc/total, 25.2 CGO/sec, 2.3/0.7 %(u/s)time, 0.0 %gc (0x), 14 KiB/28 KiB (r/w)net
I200103 22:09:09.168002 180 server/status/runtime.go:498  [n1] runtime stats: 208 MiB RSS, 142 goroutines, 112 MiB/73 MiB/202 MiB GO alloc/idle/total, 37 MiB/44 MiB CGO alloc/total, 24.6 CGO/sec, 2.0/0.5 %(u/s)time, 0.0 %gc (0x), 19 KiB/23 KiB (r/w)net
I200103 22:09:19.168583 180 server/status/runtime.go:498  [n1] runtime stats: 208 MiB RSS, 143 goroutines, 119 MiB/67 MiB/202 MiB GO alloc/idle/total, 37 MiB/44 MiB CGO alloc/total, 28.1 CGO/sec, 2.2/0.8 %(u/s)time, 0.0 %gc (0x), 6.8 KiB/17 KiB (r/w)net
I200103 22:09:29.167554 180 server/status/runtime.go:498  [n1] runtime stats: 208 MiB RSS, 143 goroutines, 126 MiB/61 MiB/202 MiB GO alloc/idle/total, 37 MiB/44 MiB CGO alloc/total, 28.4 CGO/sec, 2.0/0.7 %(u/s)time, 0.0 %gc (0x), 5.8 KiB/16 KiB (r/w)net
I200103 22:09:39.121253 32 gossip/gossip.go:566  [n1] gossip status (ok, 1 node)
gossip client (0/3 cur/max conns)
gossip server (0/3 cur/max conns, infos 0/0 sent/received, bytes 0B/0B sent/received)
I200103 22:09:39.171973 180 server/status/runtime.go:498  [n1] runtime stats: 208 MiB RSS, 143 goroutines, 132 MiB/54 MiB/202 MiB GO alloc/idle/total, 37 MiB/44 MiB CGO alloc/total, 25.0 CGO/sec, 2.4/0.5 %(u/s)time, 0.0 %gc (0x), 10 KiB/20 KiB (r/w)net
I200103 22:09:49.170094 180 server/status/runtime.go:498  [n1] runtime stats: 209 MiB RSS, 142 goroutines, 80 MiB/99 MiB/202 MiB GO alloc/idle/total, 37 MiB/44 MiB CGO alloc/total, 291.7 CGO/sec, 8.2/1.1 %(u/s)time, 0.0 %gc (1x), 7.6 KiB/18 KiB (r/w)net
I200103 22:09:59.169776 180 server/status/runtime.go:498  [n1] runtime stats: 210 MiB RSS, 142 goroutines, 88 MiB/93 MiB/202 MiB GO alloc/idle/total, 37 MiB/44 MiB CGO alloc/total, 38.1 CGO/sec, 3.0/0.4 %(u/s)time, 0.0 %gc (0x), 6.7 KiB/17 KiB (r/w)net
I200103 22:10:09.170493 180 server/status/runtime.go:498  [n1] runtime stats: 210 MiB RSS, 143 goroutines, 95 MiB/87 MiB/202 MiB GO alloc/idle/total, 37 MiB/44 MiB CGO alloc/total, 26.6 CGO/sec, 2.1/0.9 %(u/s)time, 0.0 %gc (0x), 15 KiB/23 KiB (r/w)net
I200103 22:10:19.170590 180 server/status/runtime.go:498  [n1] runtime stats: 210 MiB RSS, 143 goroutines, 102 MiB/81 MiB/202 MiB GO alloc/idle/total, 37 MiB/44 MiB CGO alloc/total, 26.4 CGO/sec, 2.1/0.8 %(u/s)time, 0.0 %gc (0x), 7.2 KiB/18 KiB (r/w)net
I200103 22:10:29.170992 180 server/status/runtime.go:498  [n1] runtime stats: 210 MiB RSS, 143 goroutines, 108 MiB/75 MiB/202 MiB GO alloc/idle/total, 37 MiB/44 MiB CGO alloc/total, 22.7 CGO/sec, 1.8/0.6 %(u/s)time, 0.0 %gc (0x), 6.3 KiB/17 KiB (r/w)net
I200103 22:10:39.120098 32 gossip/gossip.go:566  [n1] gossip status (ok, 1 node)
gossip client (0/3 cur/max conns)
gossip server (0/3 cur/max conns, infos 0/0 sent/received, bytes 0B/0B sent/received)
I200103 22:10:39.171422 180 server/status/runtime.go:498  [n1] runtime stats: 211 MiB RSS, 143 goroutines, 115 MiB/69 MiB/202 MiB GO alloc/idle/total, 37 MiB/44 MiB CGO alloc/total, 28.7 CGO/sec, 2.6/0.5 %(u/s)time, 0.0 %gc (0x), 15 KiB/24 KiB (r/w)net
I200103 22:10:49.170295 180 server/status/runtime.go:498  [n1] runtime stats: 211 MiB RSS, 142 goroutines, 122 MiB/63 MiB/202 MiB GO alloc/idle/total, 37 MiB/44 MiB CGO alloc/total, 51.0 CGO/sec, 2.6/0.8 %(u/s)time, 0.0 %gc (0x), 7.0 KiB/19 KiB (r/w)net
I200103 22:10:59.170476 180 server/status/runtime.go:498  [n1] runtime stats: 211 MiB RSS, 142 goroutines, 129 MiB/57 MiB/202 MiB GO alloc/idle/total, 37 MiB/44 MiB CGO alloc/total, 26.3 CGO/sec, 1.9/0.7 %(u/s)time, 0.0 %gc (0x), 12 KiB/21 KiB (r/w)net
I200103 22:11:09.173926 180 server/status/runtime.go:498  [n1] runtime stats: 211 MiB RSS, 142 goroutines, 136 MiB/51 MiB/202 MiB GO alloc/idle/total, 37 MiB/44 MiB CGO alloc/total, 24.3 CGO/sec, 2.2/0.5 %(u/s)time, 0.0 %gc (0x), 11 KiB/19 KiB (r/w)net
I200103 22:11:19.172359 180 server/status/runtime.go:498  [n1] runtime stats: 211 MiB RSS, 143 goroutines, 142 MiB/44 MiB/202 MiB GO alloc/idle/total, 45 MiB/52 MiB CGO alloc/total, 27.0 CGO/sec, 2.5/0.4 %(u/s)time, 0.0 %gc (0x), 11 KiB/13 KiB (r/w)net
I200103 22:11:29.173042 180 server/status/runtime.go:498  [n1] runtime stats: 212 MiB RSS, 143 goroutines, 149 MiB/38 MiB/202 MiB GO alloc/idle/total, 45 MiB/52 MiB CGO alloc/total, 24.6 CGO/sec, 1.8/0.5 %(u/s)time, 0.0 %gc (0x), 5.6 KiB/10 KiB (r/w)net
I200103 22:11:39.120138 32 gossip/gossip.go:566  [n1] gossip status (ok, 1 node)
gossip client (0/3 cur/max conns)
gossip server (0/3 cur/max conns, infos 0/0 sent/received, bytes 0B/0B sent/received)
I200103 22:11:39.172178 180 server/status/runtime.go:498  [n1] runtime stats: 212 MiB RSS, 144 goroutines, 83 MiB/96 MiB/202 MiB GO alloc/idle/total, 45 MiB/52 MiB CGO alloc/total, 26.2 CGO/sec, 3.0/0.0 %(u/s)time, 0.0 %gc (1x), 360 KiB/175 KiB (r/w)net
I200103 22:11:49.171999 180 server/status/runtime.go:498  [n1] runtime stats: 213 MiB RSS, 142 goroutines, 91 MiB/90 MiB/202 MiB GO alloc/idle/total, 45 MiB/52 MiB CGO alloc/total, 53.4 CGO/sec, 2.3/0.5 %(u/s)time, 0.0 %gc (0x), 8.1 KiB/17 KiB (r/w)net
I200103 22:11:59.175532 180 server/status/runtime.go:498  [n1] runtime stats: 213 MiB RSS, 142 goroutines, 98 MiB/85 MiB/202 MiB GO alloc/idle/total, 45 MiB/52 MiB CGO alloc/total, 24.3 CGO/sec, 1.5/0.6 %(u/s)time, 0.0 %gc (0x), 11 KiB/17 KiB (r/w)net
I200103 22:12:09.174408 180 server/status/runtime.go:498  [n1] runtime stats: 214 MiB RSS, 142 goroutines, 104 MiB/79 MiB/202 MiB GO alloc/idle/total, 45 MiB/52 MiB CGO alloc/total, 23.1 CGO/sec, 1.9/0.7 %(u/s)time, 0.0 %gc (0x), 7.0 KiB/12 KiB (r/w)net
I200103 22:12:19.174524 180 server/status/runtime.go:498  [n1] runtime stats: 214 MiB RSS, 143 goroutines, 112 MiB/73 MiB/202 MiB GO alloc/idle/total, 45 MiB/52 MiB CGO alloc/total, 37.8 CGO/sec, 2.6/0.6 %(u/s)time, 0.0 %gc (0x), 9.4 KiB/13 KiB (r/w)net
I200103 22:12:29.174780 180 server/status/runtime.go:498  [n1] runtime stats: 214 MiB RSS, 143 goroutines, 118 MiB/67 MiB/202 MiB GO alloc/idle/total, 45 MiB/52 MiB CGO alloc/total, 33.5 CGO/sec, 2.3/0.7 %(u/s)time, 0.0 %gc (0x), 4.5 KiB/6.7 KiB (r/w)net
I200103 22:12:39.120013 32 gossip/gossip.go:566  [n1] gossip status (ok, 1 node)
gossip client (0/3 cur/max conns)
gossip server (0/3 cur/max conns, infos 0/0 sent/received, bytes 0B/0B sent/received)
I200103 22:12:39.175857 180 server/status/runtime.go:498  [n1] runtime stats: 214 MiB RSS, 143 goroutines, 125 MiB/60 MiB/202 MiB GO alloc/idle/total, 45 MiB/52 MiB CGO alloc/total, 24.6 CGO/sec, 2.2/0.5 %(u/s)time, 0.0 %gc (0x), 18 KiB/23 KiB (r/w)net
I200103 22:12:49.175335 180 server/status/runtime.go:498  [n1] runtime stats: 214 MiB RSS, 142 goroutines, 133 MiB/54 MiB/202 MiB GO alloc/idle/total, 45 MiB/52 MiB CGO alloc/total, 52.6 CGO/sec, 2.3/1.0 %(u/s)time, 0.0 %gc (0x), 16 KiB/14 KiB (r/w)net
I200103 22:12:59.175095 180 server/status/runtime.go:498  [n1] runtime stats: 214 MiB RSS, 142 goroutines, 139 MiB/47 MiB/202 MiB GO alloc/idle/total, 45 MiB/52 MiB CGO alloc/total, 20.8 CGO/sec, 1.9/0.6 %(u/s)time, 0.0 %gc (0x), 6.5 KiB/12 KiB (r/w)net
I200103 22:13:09.174150 180 server/status/runtime.go:498  [n1] runtime stats: 215 MiB RSS, 142 goroutines, 146 MiB/41 MiB/202 MiB GO alloc/idle/total, 45 MiB/52 MiB CGO alloc/total, 27.8 CGO/sec, 2.2/0.7 %(u/s)time, 0.0 %gc (0x), 19 KiB/18 KiB (r/w)net
I200103 22:13:19.176550 180 server/status/runtime.go:498  [n1] runtime stats: 215 MiB RSS, 143 goroutines, 153 MiB/34 MiB/202 MiB GO alloc/idle/total, 45 MiB/52 MiB CGO alloc/total, 27.3 CGO/sec, 2.1/0.6 %(u/s)time, 0.0 %gc (0x), 12 KiB/12 KiB (r/w)net
I200103 22:13:29.176794 180 server/status/runtime.go:498  [n1] runtime stats: 216 MiB RSS, 143 goroutines, 88 MiB/92 MiB/202 MiB GO alloc/idle/total, 45 MiB/52 MiB CGO alloc/total, 22.7 CGO/sec, 3.3/0.3 %(u/s)time, 0.0 %gc (1x), 6.0 KiB/9.2 KiB (r/w)net
I200103 22:13:39.120073 32 gossip/gossip.go:566  [n1] gossip status (ok, 1 node)
gossip client (0/3 cur/max conns)
gossip server (0/3 cur/max conns, infos 0/0 sent/received, bytes 0B/0B sent/received)
I200103 22:13:39.177601 180 server/status/runtime.go:498  [n1] runtime stats: 216 MiB RSS, 143 goroutines, 95 MiB/86 MiB/202 MiB GO alloc/idle/total, 45 MiB/52 MiB CGO alloc/total, 28.8 CGO/sec, 2.0/0.9 %(u/s)time, 0.0 %gc (0x), 13 KiB/20 KiB (r/w)net
I200103 22:13:49.177769 180 server/status/runtime.go:498  [n1] runtime stats: 216 MiB RSS, 142 goroutines, 103 MiB/80 MiB/202 MiB GO alloc/idle/total, 45 MiB/52 MiB CGO alloc/total, 50.7 CGO/sec, 2.8/0.5 %(u/s)time, 0.0 %gc (0x), 4.6 KiB/9.7 KiB (r/w)net
I200103 22:13:59.176339 180 server/status/runtime.go:498  [n1] runtime stats: 217 MiB RSS, 142 goroutines, 110 MiB/74 MiB/202 MiB GO alloc/idle/total, 45 MiB/52 MiB CGO alloc/total, 22.1 CGO/sec, 1.9/0.7 %(u/s)time, 0.0 %gc (0x), 4.6 KiB/7.1 KiB (r/w)net
I200103 22:14:03.532672 18009 sql/sqlbase/structured.go:1516  [n1,client=127.0.0.1:44956,user=root] publish: descID=54 (domain_info) version=2 mtime=1970-01-01 00:00:00 +0000 UTC
I200103 22:14:03.780385 18009 sql/event_log.go:130  [n1,client=127.0.0.1:44956,user=root] Event: "drop_table", target: 54, info: {TableName:postgres.public.domain_info Statement:DROP TABLE IF EXISTS domain_info CASCADE User:root CascadeDroppedViews:[]}
I200103 22:14:03.789994 18009 sql/lease.go:326  [n1,client=127.0.0.1:44956,user=root,scExec] waiting for 1 leases to expire: desc=[{domain_info 54 1}]
I200103 22:14:03.853644 18009 sql/sqlbase/structured.go:1516  [n1,client=127.0.0.1:44956,user=root,scExec] publish: descID=54 (domain_info) version=3 mtime=1970-01-01 00:00:00 +0000 UTC
I200103 22:14:04.460029 18009 sql/event_log.go:130  [n1,client=127.0.0.1:44956,user=root] Event: "create_table", target: 56, info: {TableName:postgres.public.domain_info Statement:CREATE TABLE domain_info (domain STRING PRIMARY KEY, servers_changed BOOL, ssl_grade STRING, previous_ssl_grade STRING, logo STRING, title STRING, is_down BOOL) User:root}
I200103 22:14:04.464580 18110 storage/replica_command.go:411  [n1,split,s1,r26/1:/{Table/55-Max}] initiating a split of this range at key /Table/56 [r27] (zone config)
I200103 22:14:04.567645 18009 sql/sqlbase/structured.go:1516  [n1,client=127.0.0.1:44956,user=root] publish: descID=55 (servers_info) version=2 mtime=1970-01-01 00:00:00 +0000 UTC
I200103 22:14:04.771816 18009 sql/event_log.go:130  [n1,client=127.0.0.1:44956,user=root] Event: "drop_table", target: 55, info: {TableName:postgres.public.servers_info Statement:DROP TABLE IF EXISTS servers_info CASCADE User:root CascadeDroppedViews:[]}
I200103 22:14:04.780722 18009 sql/lease.go:326  [n1,client=127.0.0.1:44956,user=root,scExec] waiting for 1 leases to expire: desc=[{servers_info 55 1}]
I200103 22:14:04.862402 18009 sql/sqlbase/structured.go:1516  [n1,client=127.0.0.1:44956,user=root,scExec] publish: descID=55 (servers_info) version=3 mtime=1970-01-01 00:00:00 +0000 UTC
I200103 22:14:05.450760 18009 sql/event_log.go:130  [n1,client=127.0.0.1:44956,user=root] Event: "create_table", target: 57, info: {TableName:postgres.public.servers_info Statement:CREATE TABLE servers_info (address STRING, ssl_grade STRING, country STRING, owner STRING, domain STRING) User:root}
I200103 22:14:05.453853 18329 storage/replica_command.go:411  [n1,split,s1,r27/1:/{Table/56-Max}] initiating a split of this range at key /Table/57 [r28] (zone config)
I200103 22:14:09.178375 180 server/status/runtime.go:498  [n1] runtime stats: 218 MiB RSS, 142 goroutines, 123 MiB/64 MiB/202 MiB GO alloc/idle/total, 45 MiB/52 MiB CGO alloc/total, 287.9 CGO/sec, 7.6/0.5 %(u/s)time, 0.0 %gc (0x), 14 KiB/20 KiB (r/w)net
I200103 22:14:19.178454 180 server/status/runtime.go:498  [n1] runtime stats: 218 MiB RSS, 143 goroutines, 130 MiB/58 MiB/202 MiB GO alloc/idle/total, 45 MiB/52 MiB CGO alloc/total, 29.5 CGO/sec, 2.4/0.5 %(u/s)time, 0.0 %gc (0x), 5.1 KiB/10 KiB (r/w)net
I200103 22:14:29.178962 180 server/status/runtime.go:498  [n1] runtime stats: 218 MiB RSS, 143 goroutines, 136 MiB/51 MiB/202 MiB GO alloc/idle/total, 45 MiB/52 MiB CGO alloc/total, 29.1 CGO/sec, 2.2/0.8 %(u/s)time, 0.0 %gc (0x), 13 KiB/20 KiB (r/w)net
I200103 22:14:39.119971 32 gossip/gossip.go:566  [n1] gossip status (ok, 1 node)
gossip client (0/3 cur/max conns)
gossip server (0/3 cur/max conns, infos 0/0 sent/received, bytes 0B/0B sent/received)
I200103 22:14:39.180109 180 server/status/runtime.go:498  [n1] runtime stats: 218 MiB RSS, 143 goroutines, 143 MiB/44 MiB/202 MiB GO alloc/idle/total, 45 MiB/52 MiB CGO alloc/total, 28.9 CGO/sec, 2.2/0.6 %(u/s)time, 0.0 %gc (0x), 9.0 KiB/18 KiB (r/w)net
I200103 22:14:49.179922 180 server/status/runtime.go:498  [n1] runtime stats: 219 MiB RSS, 144 goroutines, 87 MiB/94 MiB/202 MiB GO alloc/idle/total, 45 MiB/52 MiB CGO alloc/total, 308.5 CGO/sec, 8.9/1.3 %(u/s)time, 0.0 %gc (1x), 5.9 KiB/12 KiB (r/w)net
I200103 22:14:55.960809 19159 util/stop/stopper.go:542  quiescing; tasks left:
1      [async] intent_resolver_ir_batcher
1      [async] intent_resolver_gc_batcher
1      [async] closedts-rangefeed-subscriber
W200103 22:14:55.960986 14292 vendor/google.golang.org/grpc/clientconn.go:1206  grpc: addrConn.createTransport failed to connect to {localhost:26257 0  <nil>}. Err :connection error: desc = "transport: Error while dialing cannot reuse client connection". Reconnecting...
I200103 22:14:55.961149 19159 util/stop/stopper.go:542  quiescing; tasks left:
1      [async] intent_resolver_ir_batcher
1      [async] closedts-rangefeed-subscriber
I200103 22:14:55.961241 19159 util/stop/stopper.go:542  quiescing; tasks left:
1      [async] closedts-rangefeed-subscriber
I200103 22:14:56.002332 19159 storage/engine/rocksdb.go:762  closing rocksdb instance at "/home/rubunu/go/src/apiDomainInfo/cockroach-data/cockroach-temp261938071"
I200103 22:14:56.006257 19159 storage/engine/rocksdb.go:762  closing rocksdb instance at "/home/rubunu/go/src/apiDomainInfo/cockroach-data"
