I200103 21:47:38.278893 13 util/log/clog.go:1196  [config] file created at: 2020/01/03 21:47:38
I200103 21:47:38.278893 13 util/log/clog.go:1196  [config] running on machine: rubunu-PC
I200103 21:47:38.278893 13 util/log/clog.go:1196  [config] binary: CockroachDB CCL v19.2.2 (x86_64-unknown-linux-gnu, built 2019/12/11 01:33:43, go1.12.12)
I200103 21:47:38.278893 13 util/log/clog.go:1196  [config] arguments: [cockroach start-single-node --insecure --listen-addr=localhost:26257 --http-addr=localhost:8080]
I200103 21:47:38.278893 13 util/log/clog.go:1196  line format: [IWEF]yymmdd hh:mm:ss.uuuuuu goid file:line msg utf8=✓
I200103 21:47:38.278890 13 storage/engine/rocksdb.go:120  RocksDB version: 6.2.1
I200103 21:47:38.280050 13 storage/engine/rocksdb.go:120  Git sha rocksdb_build_git_sha:@b7009236531fa784872f4823eabf393501e41bf2@
I200103 21:47:38.280087 13 storage/engine/rocksdb.go:120  Compile date Dec 11 2019
I200103 21:47:38.280121 13 storage/engine/rocksdb.go:120  DB SUMMARY
I200103 21:47:38.281000 13 storage/engine/rocksdb.go:120  SST files in /home/rubunu/go/src/apiDomainInfo/cockroach-data/cockroach-temp261938071 dir, Total Num: 0, files: 
I200103 21:47:38.281044 13 storage/engine/rocksdb.go:120  Write Ahead Log file in /home/rubunu/go/src/apiDomainInfo/cockroach-data/cockroach-temp261938071: 
I200103 21:47:38.281082 13 storage/engine/rocksdb.go:120                          Options.error_if_exists: 0
I200103 21:47:38.281116 13 storage/engine/rocksdb.go:120                        Options.create_if_missing: 1
I200103 21:47:38.281149 13 storage/engine/rocksdb.go:120                          Options.paranoid_checks: 1
I200103 21:47:38.281184 13 storage/engine/rocksdb.go:120                                      Options.env: 0x75591e0
I200103 21:47:38.281220 13 storage/engine/rocksdb.go:120                                 Options.info_log: 0x7f18d660d1c0
I200103 21:47:38.281250 13 storage/engine/rocksdb.go:120                 Options.max_file_opening_threads: 16
I200103 21:47:38.281283 13 storage/engine/rocksdb.go:120                               Options.statistics: 0x7f18d663e010
I200103 21:47:38.281409 13 storage/engine/rocksdb.go:120                                Options.use_fsync: 0
I200103 21:47:38.281453 13 storage/engine/rocksdb.go:120                        Options.max_log_file_size: 0
I200103 21:47:38.281489 13 storage/engine/rocksdb.go:120                   Options.max_manifest_file_size: 134217728
I200103 21:47:38.281525 13 storage/engine/rocksdb.go:120                    Options.log_file_time_to_roll: 0
I200103 21:47:38.281559 13 storage/engine/rocksdb.go:120                        Options.keep_log_file_num: 1000
I200103 21:47:38.281590 13 storage/engine/rocksdb.go:120                     Options.recycle_log_file_num: 1
I200103 21:47:38.281621 13 storage/engine/rocksdb.go:120                          Options.allow_fallocate: 1
I200103 21:47:38.281655 13 storage/engine/rocksdb.go:120                         Options.allow_mmap_reads: 0
I200103 21:47:38.281689 13 storage/engine/rocksdb.go:120                        Options.allow_mmap_writes: 0
I200103 21:47:38.281721 13 storage/engine/rocksdb.go:120                         Options.use_direct_reads: 0
I200103 21:47:38.281759 13 storage/engine/rocksdb.go:120                         Options.use_direct_io_for_flush_and_compaction: 0
I200103 21:47:38.281791 13 storage/engine/rocksdb.go:120           Options.create_missing_column_families: 0
I200103 21:47:38.281825 13 storage/engine/rocksdb.go:120                               Options.db_log_dir: 
I200103 21:47:38.281857 13 storage/engine/rocksdb.go:120                                  Options.wal_dir: /home/rubunu/go/src/apiDomainInfo/cockroach-data/cockroach-temp261938071
I200103 21:47:38.281890 13 storage/engine/rocksdb.go:120                 Options.table_cache_numshardbits: 6
I200103 21:47:38.281923 13 storage/engine/rocksdb.go:120                       Options.max_subcompactions: 1
I200103 21:47:38.281958 13 storage/engine/rocksdb.go:120                   Options.max_background_flushes: -1
I200103 21:47:38.281991 13 storage/engine/rocksdb.go:120                          Options.WAL_ttl_seconds: 0
I200103 21:47:38.282025 13 storage/engine/rocksdb.go:120                        Options.WAL_size_limit_MB: 0
I200103 21:47:38.282059 13 storage/engine/rocksdb.go:120              Options.manifest_preallocation_size: 4194304
I200103 21:47:38.282095 13 storage/engine/rocksdb.go:120                      Options.is_fd_close_on_exec: 1
I200103 21:47:38.282127 13 storage/engine/rocksdb.go:120                    Options.advise_random_on_open: 1
I200103 21:47:38.282161 13 storage/engine/rocksdb.go:120                     Options.db_write_buffer_size: 0
I200103 21:47:38.282213 13 storage/engine/rocksdb.go:120                     Options.write_buffer_manager: 0x7f18d6622060
I200103 21:47:38.282247 13 storage/engine/rocksdb.go:120          Options.access_hint_on_compaction_start: 1
I200103 21:47:38.282279 13 storage/engine/rocksdb.go:120   Options.new_table_reader_for_compaction_inputs: 0
I200103 21:47:38.282314 13 storage/engine/rocksdb.go:120            Options.random_access_max_buffer_size: 1048576
I200103 21:47:38.282347 13 storage/engine/rocksdb.go:120                       Options.use_adaptive_mutex: 0
I200103 21:47:38.282382 13 storage/engine/rocksdb.go:120                             Options.rate_limiter: (nil)
I200103 21:47:38.282417 13 storage/engine/rocksdb.go:120      Options.sst_file_manager.rate_bytes_per_sec: 0
I200103 21:47:38.282452 13 storage/engine/rocksdb.go:120                        Options.wal_recovery_mode: 0
I200103 21:47:38.282509 13 storage/engine/rocksdb.go:120                   Options.enable_thread_tracking: 0
I200103 21:47:38.282546 13 storage/engine/rocksdb.go:120                   Options.enable_pipelined_write: 0
I200103 21:47:38.282579 13 storage/engine/rocksdb.go:120          Options.allow_concurrent_memtable_write: 1
I200103 21:47:38.282614 13 storage/engine/rocksdb.go:120       Options.enable_write_thread_adaptive_yield: 1
I200103 21:47:38.282648 13 storage/engine/rocksdb.go:120              Options.write_thread_max_yield_usec: 100
I200103 21:47:38.282681 13 storage/engine/rocksdb.go:120             Options.write_thread_slow_yield_usec: 3
I200103 21:47:38.282712 13 storage/engine/rocksdb.go:120                                Options.row_cache: None
I200103 21:47:38.282744 13 storage/engine/rocksdb.go:120                               Options.wal_filter: None
I200103 21:47:38.282775 13 storage/engine/rocksdb.go:120              Options.avoid_flush_during_recovery: 0
I200103 21:47:38.282808 13 storage/engine/rocksdb.go:120              Options.allow_ingest_behind: 0
I200103 21:47:38.282843 13 storage/engine/rocksdb.go:120              Options.preserve_deletes: 0
I200103 21:47:38.282875 13 storage/engine/rocksdb.go:120              Options.two_write_queues: 0
I200103 21:47:38.282910 13 storage/engine/rocksdb.go:120              Options.manual_wal_flush: 1
I200103 21:47:38.282944 13 storage/engine/rocksdb.go:120              Options.atomic_flush: 0
I200103 21:47:38.282977 13 storage/engine/rocksdb.go:120              Options.avoid_unnecessary_blocking_io: 0
I200103 21:47:38.283011 13 storage/engine/rocksdb.go:120              Options.max_background_jobs: 4
I200103 21:47:38.283042 13 storage/engine/rocksdb.go:120              Options.max_background_compactions: -1
I200103 21:47:38.283073 13 storage/engine/rocksdb.go:120              Options.avoid_flush_during_shutdown: 0
I200103 21:47:38.283106 13 storage/engine/rocksdb.go:120            Options.writable_file_max_buffer_size: 1048576
I200103 21:47:38.283139 13 storage/engine/rocksdb.go:120              Options.delayed_write_rate : 16777216
I200103 21:47:38.283173 13 storage/engine/rocksdb.go:120              Options.max_total_wal_size: 0
I200103 21:47:38.283208 13 storage/engine/rocksdb.go:120              Options.delete_obsolete_files_period_micros: 21600000000
I200103 21:47:38.283242 13 storage/engine/rocksdb.go:120                    Options.stats_dump_period_sec: 0
I200103 21:47:38.283289 13 storage/engine/rocksdb.go:120                  Options.stats_persist_period_sec: 600
I200103 21:47:38.283323 13 storage/engine/rocksdb.go:120                  Options.stats_history_buffer_size: 1048576
I200103 21:47:38.283356 13 storage/engine/rocksdb.go:120                           Options.max_open_files: 128
I200103 21:47:38.283388 13 storage/engine/rocksdb.go:120                           Options.bytes_per_sync: 524288
I200103 21:47:38.283421 13 storage/engine/rocksdb.go:120                       Options.wal_bytes_per_sync: 0
I200103 21:47:38.283455 13 storage/engine/rocksdb.go:120                    Options.strict_bytes_per_sync: 1
I200103 21:47:38.283489 13 storage/engine/rocksdb.go:120        Options.compaction_readahead_size: 0
I200103 21:47:38.283534 13 storage/engine/rocksdb.go:120  Compression algorithms supported:
I200103 21:47:38.283572 13 storage/engine/rocksdb.go:120  	kZSTDNotFinalCompression supported: 0
I200103 21:47:38.283608 13 storage/engine/rocksdb.go:120  	kZSTD supported: 0
I200103 21:47:38.283642 13 storage/engine/rocksdb.go:120  	kXpressCompression supported: 0
I200103 21:47:38.283676 13 storage/engine/rocksdb.go:120  	kLZ4HCCompression supported: 0
I200103 21:47:38.283710 13 storage/engine/rocksdb.go:120  	kLZ4Compression supported: 0
I200103 21:47:38.283745 13 storage/engine/rocksdb.go:120  	kBZip2Compression supported: 0
I200103 21:47:38.283777 13 storage/engine/rocksdb.go:120  	kZlibCompression supported: 0
I200103 21:47:38.283811 13 storage/engine/rocksdb.go:120  	kSnappyCompression supported: 1
I200103 21:47:38.283861 13 storage/engine/rocksdb.go:120  Fast CRC32 supported: Supported on x86
I200103 21:47:38.284248 13 storage/engine/rocksdb.go:120  [db/db_impl_open.cc:242] Creating manifest 1 
I200103 21:47:38.465903 13 storage/engine/rocksdb.go:120  [db/version_set.cc:4072] Recovering from manifest file: /home/rubunu/go/src/apiDomainInfo/cockroach-data/cockroach-temp261938071/MANIFEST-000001
I200103 21:47:38.466470 13 storage/engine/rocksdb.go:120  [db/column_family.cc:488] --------------- Options for column family [default]:
I200103 21:47:38.466502 13 storage/engine/rocksdb.go:120                Options.comparator: cockroach_comparator
I200103 21:47:38.466542 13 storage/engine/rocksdb.go:120            Options.merge_operator: cockroach_merge_operator
I200103 21:47:38.466563 13 storage/engine/rocksdb.go:120         Options.compaction_filter: None
I200103 21:47:38.466599 13 storage/engine/rocksdb.go:120         Options.compaction_filter_factory: None
I200103 21:47:38.466635 13 storage/engine/rocksdb.go:120          Options.memtable_factory: SkipListFactory
I200103 21:47:38.466670 13 storage/engine/rocksdb.go:120             Options.table_factory: BlockBasedTable
I200103 21:47:38.466825 13 storage/engine/rocksdb.go:120             table_factory options:   flush_block_policy_factory: FlushBlockBySizePolicyFactory (0x7f18d663c030)
  cache_index_and_filter_blocks: 0
  cache_index_and_filter_blocks_with_high_priority: 0
  pin_l0_filter_and_index_blocks_in_cache: 0
  pin_top_level_index_and_filter: 1
  index_type: 0
  data_block_index_type: 0
  index_shortening: 1
  data_block_hash_table_util_ratio: 0.750000
  hash_index_allow_collision: 1
  checksum: 1
  no_block_cache: 0
  block_cache: 0x7f18d6634010
  block_cache_name: LRUCache
  block_cache_options:
    capacity : 1048576
    num_shard_bits : 4
    strict_capacity_limit : 0
    memory_allocator : None
    high_pri_pool_ratio: 0.000
  block_cache_compressed: (nil)
  persistent_cache: (nil)
  block_size: 32768
  block_size_deviation: 10
  block_restart_interval: 16
  index_block_restart_interval: 1
  metadata_block_size: 4096
  partition_filters: 0
  use_delta_encoding: 1
  filter_policy: rocksdb.BuiltinBloomFilter
  whole_key_filtering: 0
  verify_compression: 0
  read_amp_bytes_per_bit: 0
  format_version: 2
  enable_index_compression: 1
  block_align: 0
I200103 21:47:38.466854 13 storage/engine/rocksdb.go:120         Options.write_buffer_size: 67108864
I200103 21:47:38.466887 13 storage/engine/rocksdb.go:120   Options.max_write_buffer_number: 4
I200103 21:47:38.466919 13 storage/engine/rocksdb.go:120           Options.compression: Snappy
I200103 21:47:38.467021 13 storage/engine/rocksdb.go:120                   Options.bottommost_compression: Disabled
I200103 21:47:38.467055 13 storage/engine/rocksdb.go:120        Options.prefix_extractor: cockroach_prefix_extractor
I200103 21:47:38.467084 13 storage/engine/rocksdb.go:120    Options.memtable_insert_with_hint_prefix_extractor: nullptr
I200103 21:47:38.467112 13 storage/engine/rocksdb.go:120              Options.num_levels: 7
I200103 21:47:38.467141 13 storage/engine/rocksdb.go:120         Options.min_write_buffer_number_to_merge: 1
I200103 21:47:38.467169 13 storage/engine/rocksdb.go:120      Options.max_write_buffer_number_to_maintain: 0
I200103 21:47:38.467216 13 storage/engine/rocksdb.go:120             Options.bottommost_compression_opts.window_bits: -14
I200103 21:47:38.467250 13 storage/engine/rocksdb.go:120                   Options.bottommost_compression_opts.level: 32767
I200103 21:47:38.467281 13 storage/engine/rocksdb.go:120                Options.bottommost_compression_opts.strategy: 0
I200103 21:47:38.467349 13 storage/engine/rocksdb.go:120          Options.bottommost_compression_opts.max_dict_bytes: 0
I200103 21:47:38.467384 13 storage/engine/rocksdb.go:120          Options.bottommost_compression_opts.zstd_max_train_bytes: 0
I200103 21:47:38.467417 13 storage/engine/rocksdb.go:120                   Options.bottommost_compression_opts.enabled: false
I200103 21:47:38.467449 13 storage/engine/rocksdb.go:120             Options.compression_opts.window_bits: -14
I200103 21:47:38.467480 13 storage/engine/rocksdb.go:120                   Options.compression_opts.level: 32767
I200103 21:47:38.467513 13 storage/engine/rocksdb.go:120                Options.compression_opts.strategy: 0
I200103 21:47:38.467543 13 storage/engine/rocksdb.go:120          Options.compression_opts.max_dict_bytes: 0
I200103 21:47:38.467600 13 storage/engine/rocksdb.go:120          Options.compression_opts.zstd_max_train_bytes: 0
I200103 21:47:38.467631 13 storage/engine/rocksdb.go:120                   Options.compression_opts.enabled: false
I200103 21:47:38.467660 13 storage/engine/rocksdb.go:120       Options.level0_file_num_compaction_trigger: 2
I200103 21:47:38.467690 13 storage/engine/rocksdb.go:120           Options.level0_slowdown_writes_trigger: 950
I200103 21:47:38.467722 13 storage/engine/rocksdb.go:120               Options.level0_stop_writes_trigger: 1000
I200103 21:47:38.467754 13 storage/engine/rocksdb.go:120                    Options.target_file_size_base: 4194304
I200103 21:47:38.467785 13 storage/engine/rocksdb.go:120              Options.target_file_size_multiplier: 2
I200103 21:47:38.467818 13 storage/engine/rocksdb.go:120                 Options.max_bytes_for_level_base: 67108864
I200103 21:47:38.467851 13 storage/engine/rocksdb.go:120  Options.level_compaction_dynamic_level_bytes: 1
I200103 21:47:38.467893 13 storage/engine/rocksdb.go:120           Options.max_bytes_for_level_multiplier: 10.000000
I200103 21:47:38.467926 13 storage/engine/rocksdb.go:120  Options.max_bytes_for_level_multiplier_addtl[0]: 1
I200103 21:47:38.467957 13 storage/engine/rocksdb.go:120  Options.max_bytes_for_level_multiplier_addtl[1]: 1
I200103 21:47:38.467989 13 storage/engine/rocksdb.go:120  Options.max_bytes_for_level_multiplier_addtl[2]: 1
I200103 21:47:38.468022 13 storage/engine/rocksdb.go:120  Options.max_bytes_for_level_multiplier_addtl[3]: 1
I200103 21:47:38.468054 13 storage/engine/rocksdb.go:120  Options.max_bytes_for_level_multiplier_addtl[4]: 1
I200103 21:47:38.468082 13 storage/engine/rocksdb.go:120  Options.max_bytes_for_level_multiplier_addtl[5]: 1
I200103 21:47:38.468112 13 storage/engine/rocksdb.go:120  Options.max_bytes_for_level_multiplier_addtl[6]: 1
I200103 21:47:38.468157 13 storage/engine/rocksdb.go:120        Options.max_sequential_skip_in_iterations: 8
I200103 21:47:38.468191 13 storage/engine/rocksdb.go:120                     Options.max_compaction_bytes: 104857600
I200103 21:47:38.468225 13 storage/engine/rocksdb.go:120                         Options.arena_block_size: 8388608
I200103 21:47:38.468259 13 storage/engine/rocksdb.go:120    Options.soft_pending_compaction_bytes_limit: 2199023255552
I200103 21:47:38.468289 13 storage/engine/rocksdb.go:120    Options.hard_pending_compaction_bytes_limit: 4400193994752
I200103 21:47:38.468319 13 storage/engine/rocksdb.go:120        Options.rate_limit_delay_max_milliseconds: 100
I200103 21:47:38.468375 13 storage/engine/rocksdb.go:120                 Options.disable_auto_compactions: 0
I200103 21:47:38.468425 13 storage/engine/rocksdb.go:120                         Options.compaction_style: kCompactionStyleLevel
I200103 21:47:38.468450 13 storage/engine/rocksdb.go:120                           Options.compaction_pri: kMinOverlappingRatio
I200103 21:47:38.468480 13 storage/engine/rocksdb.go:120  Options.compaction_options_universal.size_ratio: 1
I200103 21:47:38.468499 13 storage/engine/rocksdb.go:120  Options.compaction_options_universal.min_merge_width: 2
I200103 21:47:38.468518 13 storage/engine/rocksdb.go:120  Options.compaction_options_universal.max_merge_width: 4294967295
I200103 21:47:38.468537 13 storage/engine/rocksdb.go:120  Options.compaction_options_universal.max_size_amplification_percent: 200
I200103 21:47:38.468557 13 storage/engine/rocksdb.go:120  Options.compaction_options_universal.compression_size_percent: -1
I200103 21:47:38.468579 13 storage/engine/rocksdb.go:120  Options.compaction_options_universal.stop_style: kCompactionStopStyleTotalSize
I200103 21:47:38.468600 13 storage/engine/rocksdb.go:120  Options.compaction_options_fifo.max_table_files_size: 1073741824
I200103 21:47:38.468618 13 storage/engine/rocksdb.go:120  Options.compaction_options_fifo.allow_compaction: 0
I200103 21:47:38.468650 13 storage/engine/rocksdb.go:120                    Options.table_properties_collectors: TimeBoundTblPropCollectorFactory; DeleteRangeTblPropCollectorFactory; 
I200103 21:47:38.468687 13 storage/engine/rocksdb.go:120                    Options.inplace_update_support: 0
I200103 21:47:38.468707 13 storage/engine/rocksdb.go:120                  Options.inplace_update_num_locks: 10000
I200103 21:47:38.468732 13 storage/engine/rocksdb.go:120                Options.memtable_prefix_bloom_size_ratio: 0.000000
I200103 21:47:38.468751 13 storage/engine/rocksdb.go:120                Options.memtable_whole_key_filtering: 0
I200103 21:47:38.468769 13 storage/engine/rocksdb.go:120    Options.memtable_huge_page_size: 0
I200103 21:47:38.468787 13 storage/engine/rocksdb.go:120                            Options.bloom_locality: 0
I200103 21:47:38.468806 13 storage/engine/rocksdb.go:120                     Options.max_successive_merges: 0
I200103 21:47:38.468825 13 storage/engine/rocksdb.go:120                 Options.optimize_filters_for_hits: 1
I200103 21:47:38.468844 13 storage/engine/rocksdb.go:120                 Options.paranoid_file_checks: 0
I200103 21:47:38.468862 13 storage/engine/rocksdb.go:120                 Options.force_consistency_checks: 0
I200103 21:47:38.468880 13 storage/engine/rocksdb.go:120                 Options.report_bg_io_stats: 0
I200103 21:47:38.468906 13 storage/engine/rocksdb.go:120                                Options.ttl: 0
I200103 21:47:38.468932 13 storage/engine/rocksdb.go:120           Options.periodic_compaction_seconds: 0
I200103 21:47:38.472524 13 storage/engine/rocksdb.go:120  [db/version_set.cc:4286] Recovered from manifest file:/home/rubunu/go/src/apiDomainInfo/cockroach-data/cockroach-temp261938071/MANIFEST-000001 succeeded,manifest_file_number is 1, next_file_number is 3, last_sequence is 0, log_number is 0,prev_log_number is 0,max_column_family is 0,min_log_number_to_keep is 0
I200103 21:47:38.472584 13 storage/engine/rocksdb.go:120  [db/version_set.cc:4295] Column family [default] (ID 0), log number is 0
I200103 21:47:38.535023 13 storage/engine/rocksdb.go:120  DB pointer 0x7f18d66b0000
I200103 21:47:38.570130 13 storage/engine/rocksdb.go:120  RocksDB version: 6.2.1
I200103 21:47:38.570143 13 storage/engine/rocksdb.go:120  Git sha rocksdb_build_git_sha:@b7009236531fa784872f4823eabf393501e41bf2@
I200103 21:47:38.570151 13 storage/engine/rocksdb.go:120  Compile date Dec 11 2019
I200103 21:47:38.570158 13 storage/engine/rocksdb.go:120  DB SUMMARY
I200103 21:47:38.570236 13 storage/engine/rocksdb.go:120  CURRENT file:  CURRENT
I200103 21:47:38.570245 13 storage/engine/rocksdb.go:120  IDENTITY file:  IDENTITY
I200103 21:47:38.570257 13 storage/engine/rocksdb.go:120  MANIFEST file:  MANIFEST-000001 size: 13 Bytes
I200103 21:47:38.570267 13 storage/engine/rocksdb.go:120  SST files in /home/rubunu/go/src/apiDomainInfo/cockroach-data dir, Total Num: 0, files: 
I200103 21:47:38.570274 13 storage/engine/rocksdb.go:120  Write Ahead Log file in /home/rubunu/go/src/apiDomainInfo/cockroach-data: 000003.log size: 1008186 ; 
I200103 21:47:38.570286 13 storage/engine/rocksdb.go:120                          Options.error_if_exists: 0
I200103 21:47:38.570293 13 storage/engine/rocksdb.go:120                        Options.create_if_missing: 1
I200103 21:47:38.570300 13 storage/engine/rocksdb.go:120                          Options.paranoid_checks: 1
I200103 21:47:38.570308 13 storage/engine/rocksdb.go:120                                      Options.env: 0x75591e0
I200103 21:47:38.570315 13 storage/engine/rocksdb.go:120                                 Options.info_log: 0x7f18d660d340
I200103 21:47:38.570321 13 storage/engine/rocksdb.go:120                 Options.max_file_opening_threads: 16
I200103 21:47:38.570328 13 storage/engine/rocksdb.go:120                               Options.statistics: 0x7f18d663e080
I200103 21:47:38.570335 13 storage/engine/rocksdb.go:120                                Options.use_fsync: 0
I200103 21:47:38.570342 13 storage/engine/rocksdb.go:120                        Options.max_log_file_size: 0
I200103 21:47:38.570348 13 storage/engine/rocksdb.go:120                   Options.max_manifest_file_size: 134217728
I200103 21:47:38.570355 13 storage/engine/rocksdb.go:120                    Options.log_file_time_to_roll: 0
I200103 21:47:38.570362 13 storage/engine/rocksdb.go:120                        Options.keep_log_file_num: 1000
I200103 21:47:38.570369 13 storage/engine/rocksdb.go:120                     Options.recycle_log_file_num: 1
I200103 21:47:38.570375 13 storage/engine/rocksdb.go:120                          Options.allow_fallocate: 1
I200103 21:47:38.570382 13 storage/engine/rocksdb.go:120                         Options.allow_mmap_reads: 0
I200103 21:47:38.570388 13 storage/engine/rocksdb.go:120                        Options.allow_mmap_writes: 0
I200103 21:47:38.570395 13 storage/engine/rocksdb.go:120                         Options.use_direct_reads: 0
I200103 21:47:38.570402 13 storage/engine/rocksdb.go:120                         Options.use_direct_io_for_flush_and_compaction: 0
I200103 21:47:38.570408 13 storage/engine/rocksdb.go:120           Options.create_missing_column_families: 0
I200103 21:47:38.570415 13 storage/engine/rocksdb.go:120                               Options.db_log_dir: 
I200103 21:47:38.570421 13 storage/engine/rocksdb.go:120                                  Options.wal_dir: /home/rubunu/go/src/apiDomainInfo/cockroach-data
I200103 21:47:38.570428 13 storage/engine/rocksdb.go:120                 Options.table_cache_numshardbits: 6
I200103 21:47:38.570435 13 storage/engine/rocksdb.go:120                       Options.max_subcompactions: 1
I200103 21:47:38.570441 13 storage/engine/rocksdb.go:120                   Options.max_background_flushes: -1
I200103 21:47:38.570448 13 storage/engine/rocksdb.go:120                          Options.WAL_ttl_seconds: 0
I200103 21:47:38.570454 13 storage/engine/rocksdb.go:120                        Options.WAL_size_limit_MB: 0
I200103 21:47:38.570461 13 storage/engine/rocksdb.go:120              Options.manifest_preallocation_size: 4194304
I200103 21:47:38.570468 13 storage/engine/rocksdb.go:120                      Options.is_fd_close_on_exec: 1
I200103 21:47:38.570474 13 storage/engine/rocksdb.go:120                    Options.advise_random_on_open: 1
I200103 21:47:38.570480 13 storage/engine/rocksdb.go:120                     Options.db_write_buffer_size: 0
I200103 21:47:38.570487 13 storage/engine/rocksdb.go:120                     Options.write_buffer_manager: 0x7f18d6622570
I200103 21:47:38.570494 13 storage/engine/rocksdb.go:120          Options.access_hint_on_compaction_start: 1
I200103 21:47:38.570500 13 storage/engine/rocksdb.go:120   Options.new_table_reader_for_compaction_inputs: 0
I200103 21:47:38.570507 13 storage/engine/rocksdb.go:120            Options.random_access_max_buffer_size: 1048576
I200103 21:47:38.570514 13 storage/engine/rocksdb.go:120                       Options.use_adaptive_mutex: 0
I200103 21:47:38.570520 13 storage/engine/rocksdb.go:120                             Options.rate_limiter: (nil)
I200103 21:47:38.570530 13 storage/engine/rocksdb.go:120      Options.sst_file_manager.rate_bytes_per_sec: 0
I200103 21:47:38.570537 13 storage/engine/rocksdb.go:120                        Options.wal_recovery_mode: 0
I200103 21:47:38.570544 13 storage/engine/rocksdb.go:120                   Options.enable_thread_tracking: 0
I200103 21:47:38.570550 13 storage/engine/rocksdb.go:120                   Options.enable_pipelined_write: 0
I200103 21:47:38.570557 13 storage/engine/rocksdb.go:120          Options.allow_concurrent_memtable_write: 1
I200103 21:47:38.570563 13 storage/engine/rocksdb.go:120       Options.enable_write_thread_adaptive_yield: 1
I200103 21:47:38.570570 13 storage/engine/rocksdb.go:120              Options.write_thread_max_yield_usec: 100
I200103 21:47:38.570576 13 storage/engine/rocksdb.go:120             Options.write_thread_slow_yield_usec: 3
I200103 21:47:38.570582 13 storage/engine/rocksdb.go:120                                Options.row_cache: None
I200103 21:47:38.570589 13 storage/engine/rocksdb.go:120                               Options.wal_filter: None
I200103 21:47:38.570596 13 storage/engine/rocksdb.go:120              Options.avoid_flush_during_recovery: 0
I200103 21:47:38.570603 13 storage/engine/rocksdb.go:120              Options.allow_ingest_behind: 0
I200103 21:47:38.570609 13 storage/engine/rocksdb.go:120              Options.preserve_deletes: 0
I200103 21:47:38.570616 13 storage/engine/rocksdb.go:120              Options.two_write_queues: 0
I200103 21:47:38.570622 13 storage/engine/rocksdb.go:120              Options.manual_wal_flush: 1
I200103 21:47:38.570628 13 storage/engine/rocksdb.go:120              Options.atomic_flush: 0
I200103 21:47:38.570635 13 storage/engine/rocksdb.go:120              Options.avoid_unnecessary_blocking_io: 0
I200103 21:47:38.570642 13 storage/engine/rocksdb.go:120              Options.max_background_jobs: 4
I200103 21:47:38.570648 13 storage/engine/rocksdb.go:120              Options.max_background_compactions: -1
I200103 21:47:38.570655 13 storage/engine/rocksdb.go:120              Options.avoid_flush_during_shutdown: 0
I200103 21:47:38.570673 13 storage/engine/rocksdb.go:120            Options.writable_file_max_buffer_size: 1048576
I200103 21:47:38.570680 13 storage/engine/rocksdb.go:120              Options.delayed_write_rate : 16777216
I200103 21:47:38.570686 13 storage/engine/rocksdb.go:120              Options.max_total_wal_size: 0
I200103 21:47:38.570693 13 storage/engine/rocksdb.go:120              Options.delete_obsolete_files_period_micros: 21600000000
I200103 21:47:38.570700 13 storage/engine/rocksdb.go:120                    Options.stats_dump_period_sec: 0
I200103 21:47:38.570706 13 storage/engine/rocksdb.go:120                  Options.stats_persist_period_sec: 600
I200103 21:47:38.570713 13 storage/engine/rocksdb.go:120                  Options.stats_history_buffer_size: 1048576
I200103 21:47:38.570720 13 storage/engine/rocksdb.go:120                           Options.max_open_files: 3840
I200103 21:47:38.570726 13 storage/engine/rocksdb.go:120                           Options.bytes_per_sync: 524288
I200103 21:47:38.570733 13 storage/engine/rocksdb.go:120                       Options.wal_bytes_per_sync: 0
I200103 21:47:38.570739 13 storage/engine/rocksdb.go:120                    Options.strict_bytes_per_sync: 1
I200103 21:47:38.570746 13 storage/engine/rocksdb.go:120        Options.compaction_readahead_size: 0
I200103 21:47:38.570752 13 storage/engine/rocksdb.go:120  Compression algorithms supported:
I200103 21:47:38.570760 13 storage/engine/rocksdb.go:120  	kZSTDNotFinalCompression supported: 0
I200103 21:47:38.570766 13 storage/engine/rocksdb.go:120  	kZSTD supported: 0
I200103 21:47:38.570773 13 storage/engine/rocksdb.go:120  	kXpressCompression supported: 0
I200103 21:47:38.570780 13 storage/engine/rocksdb.go:120  	kLZ4HCCompression supported: 0
I200103 21:47:38.570787 13 storage/engine/rocksdb.go:120  	kLZ4Compression supported: 0
I200103 21:47:38.570793 13 storage/engine/rocksdb.go:120  	kBZip2Compression supported: 0
I200103 21:47:38.570803 13 storage/engine/rocksdb.go:120  	kZlibCompression supported: 0
I200103 21:47:38.570809 13 storage/engine/rocksdb.go:120  	kSnappyCompression supported: 1
I200103 21:47:38.570819 13 storage/engine/rocksdb.go:120  Fast CRC32 supported: Supported on x86
I200103 21:47:38.571084 13 storage/engine/rocksdb.go:120  [db/version_set.cc:4072] Recovering from manifest file: /home/rubunu/go/src/apiDomainInfo/cockroach-data/MANIFEST-000001
I200103 21:47:38.571196 13 storage/engine/rocksdb.go:120  [db/column_family.cc:488] --------------- Options for column family [default]:
I200103 21:47:38.571204 13 storage/engine/rocksdb.go:120                Options.comparator: cockroach_comparator
I200103 21:47:38.571212 13 storage/engine/rocksdb.go:120            Options.merge_operator: cockroach_merge_operator
I200103 21:47:38.571219 13 storage/engine/rocksdb.go:120         Options.compaction_filter: None
I200103 21:47:38.571225 13 storage/engine/rocksdb.go:120         Options.compaction_filter_factory: None
I200103 21:47:38.571232 13 storage/engine/rocksdb.go:120          Options.memtable_factory: SkipListFactory
I200103 21:47:38.571239 13 storage/engine/rocksdb.go:120             Options.table_factory: BlockBasedTable
I200103 21:47:38.571284 13 storage/engine/rocksdb.go:120             table_factory options:   flush_block_policy_factory: FlushBlockBySizePolicyFactory (0x7f18d663c090)
  cache_index_and_filter_blocks: 0
  cache_index_and_filter_blocks_with_high_priority: 0
  pin_l0_filter_and_index_blocks_in_cache: 0
  pin_top_level_index_and_filter: 1
  index_type: 0
  data_block_index_type: 0
  index_shortening: 1
  data_block_hash_table_util_ratio: 0.750000
  hash_index_allow_collision: 1
  checksum: 1
  no_block_cache: 0
  block_cache: 0x7f18d66c8210
  block_cache_name: LRUCache
  block_cache_options:
    capacity : 67108864
    num_shard_bits : 4
    strict_capacity_limit : 0
    memory_allocator : None
    high_pri_pool_ratio: 0.000
  block_cache_compressed: (nil)
  persistent_cache: (nil)
  block_size: 32768
  block_size_deviation: 10
  block_restart_interval: 16
  index_block_restart_interval: 1
  metadata_block_size: 4096
  partition_filters: 0
  use_delta_encoding: 1
  filter_policy: rocksdb.BuiltinBloomFilter
  whole_key_filtering: 0
  verify_compression: 0
  read_amp_bytes_per_bit: 0
  format_version: 2
  enable_index_compression: 1
  block_align: 0
I200103 21:47:38.571294 13 storage/engine/rocksdb.go:120         Options.write_buffer_size: 67108864
I200103 21:47:38.571302 13 storage/engine/rocksdb.go:120   Options.max_write_buffer_number: 4
I200103 21:47:38.571309 13 storage/engine/rocksdb.go:120           Options.compression: Snappy
I200103 21:47:38.571316 13 storage/engine/rocksdb.go:120                   Options.bottommost_compression: Disabled
I200103 21:47:38.571323 13 storage/engine/rocksdb.go:120        Options.prefix_extractor: cockroach_prefix_extractor
I200103 21:47:38.571330 13 storage/engine/rocksdb.go:120    Options.memtable_insert_with_hint_prefix_extractor: nullptr
I200103 21:47:38.571337 13 storage/engine/rocksdb.go:120              Options.num_levels: 7
I200103 21:47:38.571344 13 storage/engine/rocksdb.go:120         Options.min_write_buffer_number_to_merge: 1
I200103 21:47:38.571350 13 storage/engine/rocksdb.go:120      Options.max_write_buffer_number_to_maintain: 0
I200103 21:47:38.571357 13 storage/engine/rocksdb.go:120             Options.bottommost_compression_opts.window_bits: -14
I200103 21:47:38.571364 13 storage/engine/rocksdb.go:120                   Options.bottommost_compression_opts.level: 32767
I200103 21:47:38.571371 13 storage/engine/rocksdb.go:120                Options.bottommost_compression_opts.strategy: 0
I200103 21:47:38.571377 13 storage/engine/rocksdb.go:120          Options.bottommost_compression_opts.max_dict_bytes: 0
I200103 21:47:38.571384 13 storage/engine/rocksdb.go:120          Options.bottommost_compression_opts.zstd_max_train_bytes: 0
I200103 21:47:38.571391 13 storage/engine/rocksdb.go:120                   Options.bottommost_compression_opts.enabled: false
I200103 21:47:38.571405 13 storage/engine/rocksdb.go:120             Options.compression_opts.window_bits: -14
I200103 21:47:38.571412 13 storage/engine/rocksdb.go:120                   Options.compression_opts.level: 32767
I200103 21:47:38.571419 13 storage/engine/rocksdb.go:120                Options.compression_opts.strategy: 0
I200103 21:47:38.571425 13 storage/engine/rocksdb.go:120          Options.compression_opts.max_dict_bytes: 0
I200103 21:47:38.571432 13 storage/engine/rocksdb.go:120          Options.compression_opts.zstd_max_train_bytes: 0
I200103 21:47:38.571438 13 storage/engine/rocksdb.go:120                   Options.compression_opts.enabled: false
I200103 21:47:38.571445 13 storage/engine/rocksdb.go:120       Options.level0_file_num_compaction_trigger: 2
I200103 21:47:38.571452 13 storage/engine/rocksdb.go:120           Options.level0_slowdown_writes_trigger: 950
I200103 21:47:38.571459 13 storage/engine/rocksdb.go:120               Options.level0_stop_writes_trigger: 1000
I200103 21:47:38.571466 13 storage/engine/rocksdb.go:120                    Options.target_file_size_base: 4194304
I200103 21:47:38.571472 13 storage/engine/rocksdb.go:120              Options.target_file_size_multiplier: 2
I200103 21:47:38.571479 13 storage/engine/rocksdb.go:120                 Options.max_bytes_for_level_base: 67108864
I200103 21:47:38.571485 13 storage/engine/rocksdb.go:120  Options.level_compaction_dynamic_level_bytes: 1
I200103 21:47:38.571494 13 storage/engine/rocksdb.go:120           Options.max_bytes_for_level_multiplier: 10.000000
I200103 21:47:38.571501 13 storage/engine/rocksdb.go:120  Options.max_bytes_for_level_multiplier_addtl[0]: 1
I200103 21:47:38.571508 13 storage/engine/rocksdb.go:120  Options.max_bytes_for_level_multiplier_addtl[1]: 1
I200103 21:47:38.571514 13 storage/engine/rocksdb.go:120  Options.max_bytes_for_level_multiplier_addtl[2]: 1
I200103 21:47:38.571521 13 storage/engine/rocksdb.go:120  Options.max_bytes_for_level_multiplier_addtl[3]: 1
I200103 21:47:38.571528 13 storage/engine/rocksdb.go:120  Options.max_bytes_for_level_multiplier_addtl[4]: 1
I200103 21:47:38.571534 13 storage/engine/rocksdb.go:120  Options.max_bytes_for_level_multiplier_addtl[5]: 1
I200103 21:47:38.571541 13 storage/engine/rocksdb.go:120  Options.max_bytes_for_level_multiplier_addtl[6]: 1
I200103 21:47:38.571547 13 storage/engine/rocksdb.go:120        Options.max_sequential_skip_in_iterations: 8
I200103 21:47:38.571554 13 storage/engine/rocksdb.go:120                     Options.max_compaction_bytes: 104857600
I200103 21:47:38.571564 13 storage/engine/rocksdb.go:120                         Options.arena_block_size: 8388608
I200103 21:47:38.571570 13 storage/engine/rocksdb.go:120    Options.soft_pending_compaction_bytes_limit: 2199023255552
I200103 21:47:38.571577 13 storage/engine/rocksdb.go:120    Options.hard_pending_compaction_bytes_limit: 4400193994752
I200103 21:47:38.571584 13 storage/engine/rocksdb.go:120        Options.rate_limit_delay_max_milliseconds: 100
I200103 21:47:38.571590 13 storage/engine/rocksdb.go:120                 Options.disable_auto_compactions: 0
I200103 21:47:38.571598 13 storage/engine/rocksdb.go:120                         Options.compaction_style: kCompactionStyleLevel
I200103 21:47:38.571606 13 storage/engine/rocksdb.go:120                           Options.compaction_pri: kMinOverlappingRatio
I200103 21:47:38.571613 13 storage/engine/rocksdb.go:120  Options.compaction_options_universal.size_ratio: 1
I200103 21:47:38.571619 13 storage/engine/rocksdb.go:120  Options.compaction_options_universal.min_merge_width: 2
I200103 21:47:38.571625 13 storage/engine/rocksdb.go:120  Options.compaction_options_universal.max_merge_width: 4294967295
I200103 21:47:38.571632 13 storage/engine/rocksdb.go:120  Options.compaction_options_universal.max_size_amplification_percent: 200
I200103 21:47:38.571639 13 storage/engine/rocksdb.go:120  Options.compaction_options_universal.compression_size_percent: -1
I200103 21:47:38.571646 13 storage/engine/rocksdb.go:120  Options.compaction_options_universal.stop_style: kCompactionStopStyleTotalSize
I200103 21:47:38.571656 13 storage/engine/rocksdb.go:120  Options.compaction_options_fifo.max_table_files_size: 1073741824
I200103 21:47:38.571662 13 storage/engine/rocksdb.go:120  Options.compaction_options_fifo.allow_compaction: 0
I200103 21:47:38.571674 13 storage/engine/rocksdb.go:120                    Options.table_properties_collectors: TimeBoundTblPropCollectorFactory; DeleteRangeTblPropCollectorFactory; 
I200103 21:47:38.571681 13 storage/engine/rocksdb.go:120                    Options.inplace_update_support: 0
I200103 21:47:38.571688 13 storage/engine/rocksdb.go:120                  Options.inplace_update_num_locks: 10000
I200103 21:47:38.571695 13 storage/engine/rocksdb.go:120                Options.memtable_prefix_bloom_size_ratio: 0.000000
I200103 21:47:38.571701 13 storage/engine/rocksdb.go:120                Options.memtable_whole_key_filtering: 0
I200103 21:47:38.571708 13 storage/engine/rocksdb.go:120    Options.memtable_huge_page_size: 0
I200103 21:47:38.571714 13 storage/engine/rocksdb.go:120                            Options.bloom_locality: 0
I200103 21:47:38.571721 13 storage/engine/rocksdb.go:120                     Options.max_successive_merges: 0
I200103 21:47:38.571731 13 storage/engine/rocksdb.go:120                 Options.optimize_filters_for_hits: 1
I200103 21:47:38.571738 13 storage/engine/rocksdb.go:120                 Options.paranoid_file_checks: 0
I200103 21:47:38.571744 13 storage/engine/rocksdb.go:120                 Options.force_consistency_checks: 0
I200103 21:47:38.571751 13 storage/engine/rocksdb.go:120                 Options.report_bg_io_stats: 0
I200103 21:47:38.571758 13 storage/engine/rocksdb.go:120                                Options.ttl: 0
I200103 21:47:38.571765 13 storage/engine/rocksdb.go:120           Options.periodic_compaction_seconds: 0
I200103 21:47:38.572526 13 storage/engine/rocksdb.go:120  [db/version_set.cc:4286] Recovered from manifest file:/home/rubunu/go/src/apiDomainInfo/cockroach-data/MANIFEST-000001 succeeded,manifest_file_number is 1, next_file_number is 3, last_sequence is 0, log_number is 0,prev_log_number is 0,max_column_family is 0,min_log_number_to_keep is 0
I200103 21:47:38.572540 13 storage/engine/rocksdb.go:120  [db/version_set.cc:4295] Column family [default] (ID 0), log number is 0
I200103 21:47:38.572669 13 storage/engine/rocksdb.go:120  EVENT_LOG_v1 {"time_micros": 1578088058572644, "job": 1, "event": "recovery_started", "log_files": [3]}
I200103 21:47:38.572683 13 storage/engine/rocksdb.go:120  [db/db_impl_open.cc:598] Recovering log #3 mode 0
I200103 21:47:38.698827 13 storage/engine/rocksdb.go:120  EVENT_LOG_v1 {"time_micros": 1578088058698568, "cf_name": "default", "job": 1, "event": "table_file_creation", "file_number": 4, "file_size": 83552, "table_properties": {"data_size": 80439, "index_size": 347, "index_partitions": 0, "top_level_index_size": 0, "index_key_is_user_key": 0, "index_value_is_delta_encoded": 0, "filter_size": 1861, "raw_key_size": 62787, "raw_average_key_size": 40, "raw_value_size": 259500, "raw_average_value_size": 169, "num_data_blocks": 7, "num_entries": 1533, "num_deletions": 179, "num_merge_operands": 664, "num_range_deletions": 664, "format_version": 0, "fixed_key_len": 0, "filter_policy": "rocksdb.BuiltinBloomFilter", "column_family_name": "default", "column_family_id": 0, "comparator": "cockroach_comparator", "merge_operator": "cockroach_merge_operator", "prefix_extractor_name": "cockroach_prefix_extractor", "property_collectors": "[TimeBoundTblPropCollectorFactory,DeleteRangeTblPropCollectorFactory]", "compression": "Snappy", "compression_options": "window_bits=-14; level=32767; strategy=0; max_dict_bytes=0; zstd_max_train_bytes=0; enabled=0; ", "creation_time": 1578088058, "oldest_key_time": 3, "file_creation_time": 0}}
I200103 21:47:38.699716 13 storage/engine/rocksdb.go:120  [db/version_set.cc:3560] Creating manifest 5
I200103 21:47:38.800314 13 storage/engine/rocksdb.go:120  EVENT_LOG_v1 {"time_micros": 1578088058800062, "job": 1, "event": "recovery_finished"}
I200103 21:47:38.870289 13 storage/engine/rocksdb.go:120  DB pointer 0x7f18d66b2800
I200103 22:08:36.934471 17 storage/engine/rocksdb.go:120  [db/compaction_job.cc:1647] [default] [JOB 3] Compacting 1@0 files to L0, score 0.00
I200103 22:08:36.934537 17 storage/engine/rocksdb.go:120  [db/compaction_job.cc:1651] [default] Compaction start summary: Base version 2 Base level 0, inputs: [4(81KB)]
I200103 22:08:36.934733 17 storage/engine/rocksdb.go:120  EVENT_LOG_v1 {"time_micros": 1578089316934600, "job": 3, "event": "compaction_started", "compaction_reason": "BottommostFiles", "files_L0": [4], "score": 0, "input_data_size": 83552}
I200103 22:08:37.000402 17 storage/engine/rocksdb.go:120  [db/compaction_job.cc:1334] [default] [JOB 3] Generated table #9: 1354 keys, 74535 bytes
I200103 22:08:37.000767 17 storage/engine/rocksdb.go:120  EVENT_LOG_v1 {"time_micros": 1578089317000490, "cf_name": "default", "job": 3, "event": "table_file_creation", "file_number": 9, "file_size": 74535, "table_properties": {"data_size": 73362, "index_size": 319, "index_partitions": 0, "top_level_index_size": 0, "index_key_is_user_key": 0, "index_value_is_delta_encoded": 0, "filter_size": 0, "raw_key_size": 56915, "raw_average_key_size": 42, "raw_value_size": 258420, "raw_average_value_size": 190, "num_data_blocks": 7, "num_entries": 1354, "num_deletions": 0, "num_merge_operands": 0, "num_range_deletions": 0, "format_version": 0, "fixed_key_len": 0, "filter_policy": "rocksdb.BuiltinBloomFilter", "column_family_name": "default", "column_family_id": 0, "comparator": "cockroach_comparator", "merge_operator": "cockroach_merge_operator", "prefix_extractor_name": "cockroach_prefix_extractor", "property_collectors": "[TimeBoundTblPropCollectorFactory,DeleteRangeTblPropCollectorFactory]", "compression": "Snappy", "compression_options": "window_bits=-14; level=32767; strategy=0; max_dict_bytes=0; zstd_max_train_bytes=0; enabled=0; ", "creation_time": 1578088058, "oldest_key_time": 0, "file_creation_time": 1578089316}}
I200103 22:08:37.045543 17 storage/engine/rocksdb.go:120  [db/compaction_job.cc:1397] [default] [JOB 3] Compacted 1@0 files to L0 => 74535 bytes
I200103 22:08:37.089845 17 storage/engine/rocksdb.go:120  (Original Log Time 2020/01/03-17:08:37.089089) [db/compaction_job.cc:770] [default] compacted to: files[1 0 0 0 0 0 0] max score 0.50, MB/sec: 1.3 rd, 1.1 wr, level 0, files in(0, 1) out(1) MB in(0.0, 0.1) out(0.1), read-write-amplify(0.0) write-amplify(0.0) OK, records in: 1533, records dropped: 179 output_compression: Snappy
I200103 22:08:37.089954 17 storage/engine/rocksdb.go:120  (Original Log Time 2020/01/03-17:08:37.089223) EVENT_LOG_v1 {"time_micros": 1578089317089149, "job": 3, "event": "compaction_finished", "compaction_time_micros": 66145, "compaction_time_cpu_micros": 22091, "output_level": 0, "num_output_files": 1, "total_output_size": 74535, "num_input_records": 1533, "num_output_records": 1354, "num_subcompactions": 1, "output_compression": "Snappy", "num_single_delete_mismatches": 0, "num_single_delete_fallthrough": 0, "lsm_state": [1, 0, 0, 0, 0, 0, 0]}
I200103 22:08:37.090490 17 storage/engine/rocksdb.go:120  EVENT_LOG_v1 {"time_micros": 1578089317090410, "job": 3, "event": "table_file_deletion", "file_number": 4}
I200103 22:14:56.002449 19159 storage/engine/rocksdb.go:120  bloom filter utility:    -nan%
I200103 22:14:56.002493 19159 storage/engine/rocksdb.go:120  [db/db_impl.cc:392] Shutdown: canceling all background work
I200103 22:14:56.003392 19159 storage/engine/rocksdb.go:120  [db/db_impl.cc:565] Shutdown complete
I200103 22:14:56.006390 19159 storage/engine/rocksdb.go:120  bloom filter utility:    18.5%
I200103 22:14:56.006450 19159 storage/engine/rocksdb.go:120  [db/db_impl.cc:392] Shutdown: canceling all background work
I200103 22:14:56.020531 19159 storage/engine/rocksdb.go:120  [db/db_impl.cc:565] Shutdown complete
