I200103 21:36:47.613492 54 util/log/clog.go:1196  [config] file created at: 2020/01/03 21:36:47
I200103 21:36:47.613492 54 util/log/clog.go:1196  [config] running on machine: rubunu-PC
I200103 21:36:47.613492 54 util/log/clog.go:1196  [config] binary: CockroachDB CCL v19.2.2 (x86_64-unknown-linux-gnu, built 2019/12/11 01:33:43, go1.12.12)
I200103 21:36:47.613492 54 util/log/clog.go:1196  [config] arguments: [cockroach start --insecure --store=node1 --listen-addr=localhost:26257 --http-addr=localhost:8080 --join=localhost:26257,localhost:26258,localhost:26259]
I200103 21:36:47.613492 54 util/log/clog.go:1196  line format: [IWEF]yymmdd hh:mm:ss.uuuuuu goid file:line msg utf8=✓
I200103 21:36:47.613489 54 storage/engine/rocksdb.go:120  RocksDB version: 6.2.1
I200103 21:36:47.649619 54 storage/engine/rocksdb.go:120  Git sha rocksdb_build_git_sha:@b7009236531fa784872f4823eabf393501e41bf2@
I200103 21:36:47.649641 54 storage/engine/rocksdb.go:120  Compile date Dec 11 2019
I200103 21:36:47.649660 54 storage/engine/rocksdb.go:120  DB SUMMARY
I200103 21:36:47.649757 54 storage/engine/rocksdb.go:120  SST files in /home/rubunu/go/src/apiDomainInfo/node1/cockroach-temp951902830 dir, Total Num: 0, files: 
I200103 21:36:47.649776 54 storage/engine/rocksdb.go:120  Write Ahead Log file in /home/rubunu/go/src/apiDomainInfo/node1/cockroach-temp951902830: 
I200103 21:36:47.649796 54 storage/engine/rocksdb.go:120                          Options.error_if_exists: 0
I200103 21:36:47.649813 54 storage/engine/rocksdb.go:120                        Options.create_if_missing: 1
I200103 21:36:47.649828 54 storage/engine/rocksdb.go:120                          Options.paranoid_checks: 1
I200103 21:36:47.649845 54 storage/engine/rocksdb.go:120                                      Options.env: 0x75591e0
I200103 21:36:47.649861 54 storage/engine/rocksdb.go:120                                 Options.info_log: 0x7f916ee341a0
I200103 21:36:47.649877 54 storage/engine/rocksdb.go:120                 Options.max_file_opening_threads: 16
I200103 21:36:47.649893 54 storage/engine/rocksdb.go:120                               Options.statistics: 0x7f916ee43010
I200103 21:36:47.649910 54 storage/engine/rocksdb.go:120                                Options.use_fsync: 0
I200103 21:36:47.649927 54 storage/engine/rocksdb.go:120                        Options.max_log_file_size: 0
I200103 21:36:47.649943 54 storage/engine/rocksdb.go:120                   Options.max_manifest_file_size: 134217728
I200103 21:36:47.649960 54 storage/engine/rocksdb.go:120                    Options.log_file_time_to_roll: 0
I200103 21:36:47.649975 54 storage/engine/rocksdb.go:120                        Options.keep_log_file_num: 1000
I200103 21:36:47.649991 54 storage/engine/rocksdb.go:120                     Options.recycle_log_file_num: 1
I200103 21:36:47.650007 54 storage/engine/rocksdb.go:120                          Options.allow_fallocate: 1
I200103 21:36:47.650023 54 storage/engine/rocksdb.go:120                         Options.allow_mmap_reads: 0
I200103 21:36:47.650039 54 storage/engine/rocksdb.go:120                        Options.allow_mmap_writes: 0
I200103 21:36:47.650055 54 storage/engine/rocksdb.go:120                         Options.use_direct_reads: 0
I200103 21:36:47.650071 54 storage/engine/rocksdb.go:120                         Options.use_direct_io_for_flush_and_compaction: 0
I200103 21:36:47.650087 54 storage/engine/rocksdb.go:120           Options.create_missing_column_families: 0
I200103 21:36:47.650103 54 storage/engine/rocksdb.go:120                               Options.db_log_dir: 
I200103 21:36:47.650119 54 storage/engine/rocksdb.go:120                                  Options.wal_dir: /home/rubunu/go/src/apiDomainInfo/node1/cockroach-temp951902830
I200103 21:36:47.650135 54 storage/engine/rocksdb.go:120                 Options.table_cache_numshardbits: 6
I200103 21:36:47.650151 54 storage/engine/rocksdb.go:120                       Options.max_subcompactions: 1
I200103 21:36:47.650166 54 storage/engine/rocksdb.go:120                   Options.max_background_flushes: -1
I200103 21:36:47.650181 54 storage/engine/rocksdb.go:120                          Options.WAL_ttl_seconds: 0
I200103 21:36:47.650196 54 storage/engine/rocksdb.go:120                        Options.WAL_size_limit_MB: 0
I200103 21:36:47.650212 54 storage/engine/rocksdb.go:120              Options.manifest_preallocation_size: 4194304
I200103 21:36:47.650227 54 storage/engine/rocksdb.go:120                      Options.is_fd_close_on_exec: 1
I200103 21:36:47.650244 54 storage/engine/rocksdb.go:120                    Options.advise_random_on_open: 1
I200103 21:36:47.650259 54 storage/engine/rocksdb.go:120                     Options.db_write_buffer_size: 0
I200103 21:36:47.650478 54 storage/engine/rocksdb.go:120                     Options.write_buffer_manager: 0x7f916ee1e060
I200103 21:36:47.650495 54 storage/engine/rocksdb.go:120          Options.access_hint_on_compaction_start: 1
I200103 21:36:47.650504 54 storage/engine/rocksdb.go:120   Options.new_table_reader_for_compaction_inputs: 0
I200103 21:36:47.650513 54 storage/engine/rocksdb.go:120            Options.random_access_max_buffer_size: 1048576
I200103 21:36:47.650522 54 storage/engine/rocksdb.go:120                       Options.use_adaptive_mutex: 0
I200103 21:36:47.650531 54 storage/engine/rocksdb.go:120                             Options.rate_limiter: (nil)
I200103 21:36:47.650540 54 storage/engine/rocksdb.go:120      Options.sst_file_manager.rate_bytes_per_sec: 0
I200103 21:36:47.650548 54 storage/engine/rocksdb.go:120                        Options.wal_recovery_mode: 0
I200103 21:36:47.650557 54 storage/engine/rocksdb.go:120                   Options.enable_thread_tracking: 0
I200103 21:36:47.650565 54 storage/engine/rocksdb.go:120                   Options.enable_pipelined_write: 0
I200103 21:36:47.650573 54 storage/engine/rocksdb.go:120          Options.allow_concurrent_memtable_write: 1
I200103 21:36:47.650582 54 storage/engine/rocksdb.go:120       Options.enable_write_thread_adaptive_yield: 1
I200103 21:36:47.650590 54 storage/engine/rocksdb.go:120              Options.write_thread_max_yield_usec: 100
I200103 21:36:47.650599 54 storage/engine/rocksdb.go:120             Options.write_thread_slow_yield_usec: 3
I200103 21:36:47.650607 54 storage/engine/rocksdb.go:120                                Options.row_cache: None
I200103 21:36:47.650616 54 storage/engine/rocksdb.go:120                               Options.wal_filter: None
I200103 21:36:47.650624 54 storage/engine/rocksdb.go:120              Options.avoid_flush_during_recovery: 0
I200103 21:36:47.650633 54 storage/engine/rocksdb.go:120              Options.allow_ingest_behind: 0
I200103 21:36:47.650641 54 storage/engine/rocksdb.go:120              Options.preserve_deletes: 0
I200103 21:36:47.650650 54 storage/engine/rocksdb.go:120              Options.two_write_queues: 0
I200103 21:36:47.650658 54 storage/engine/rocksdb.go:120              Options.manual_wal_flush: 1
I200103 21:36:47.650666 54 storage/engine/rocksdb.go:120              Options.atomic_flush: 0
I200103 21:36:47.650675 54 storage/engine/rocksdb.go:120              Options.avoid_unnecessary_blocking_io: 0
I200103 21:36:47.650683 54 storage/engine/rocksdb.go:120              Options.max_background_jobs: 4
I200103 21:36:47.650692 54 storage/engine/rocksdb.go:120              Options.max_background_compactions: -1
I200103 21:36:47.650700 54 storage/engine/rocksdb.go:120              Options.avoid_flush_during_shutdown: 0
I200103 21:36:47.650709 54 storage/engine/rocksdb.go:120            Options.writable_file_max_buffer_size: 1048576
I200103 21:36:47.650717 54 storage/engine/rocksdb.go:120              Options.delayed_write_rate : 16777216
I200103 21:36:47.650725 54 storage/engine/rocksdb.go:120              Options.max_total_wal_size: 0
I200103 21:36:47.650735 54 storage/engine/rocksdb.go:120              Options.delete_obsolete_files_period_micros: 21600000000
I200103 21:36:47.650743 54 storage/engine/rocksdb.go:120                    Options.stats_dump_period_sec: 0
I200103 21:36:47.650752 54 storage/engine/rocksdb.go:120                  Options.stats_persist_period_sec: 600
I200103 21:36:47.650760 54 storage/engine/rocksdb.go:120                  Options.stats_history_buffer_size: 1048576
I200103 21:36:47.650769 54 storage/engine/rocksdb.go:120                           Options.max_open_files: 128
I200103 21:36:47.650777 54 storage/engine/rocksdb.go:120                           Options.bytes_per_sync: 524288
I200103 21:36:47.650786 54 storage/engine/rocksdb.go:120                       Options.wal_bytes_per_sync: 0
I200103 21:36:47.650794 54 storage/engine/rocksdb.go:120                    Options.strict_bytes_per_sync: 1
I200103 21:36:47.650802 54 storage/engine/rocksdb.go:120        Options.compaction_readahead_size: 0
I200103 21:36:47.650815 54 storage/engine/rocksdb.go:120  Compression algorithms supported:
I200103 21:36:47.650825 54 storage/engine/rocksdb.go:120  	kZSTDNotFinalCompression supported: 0
I200103 21:36:47.650833 54 storage/engine/rocksdb.go:120  	kZSTD supported: 0
I200103 21:36:47.650842 54 storage/engine/rocksdb.go:120  	kXpressCompression supported: 0
I200103 21:36:47.650850 54 storage/engine/rocksdb.go:120  	kLZ4HCCompression supported: 0
I200103 21:36:47.650859 54 storage/engine/rocksdb.go:120  	kLZ4Compression supported: 0
I200103 21:36:47.650868 54 storage/engine/rocksdb.go:120  	kBZip2Compression supported: 0
I200103 21:36:47.650876 54 storage/engine/rocksdb.go:120  	kZlibCompression supported: 0
I200103 21:36:47.650885 54 storage/engine/rocksdb.go:120  	kSnappyCompression supported: 1
I200103 21:36:47.650908 54 storage/engine/rocksdb.go:120  Fast CRC32 supported: Supported on x86
I200103 21:36:47.651057 54 storage/engine/rocksdb.go:120  [db/db_impl_open.cc:242] Creating manifest 1 
I200103 21:36:47.865142 54 storage/engine/rocksdb.go:120  [db/version_set.cc:4072] Recovering from manifest file: /home/rubunu/go/src/apiDomainInfo/node1/cockroach-temp951902830/MANIFEST-000001
I200103 21:36:47.870178 54 storage/engine/rocksdb.go:120  [db/column_family.cc:488] --------------- Options for column family [default]:
I200103 21:36:47.870216 54 storage/engine/rocksdb.go:120                Options.comparator: cockroach_comparator
I200103 21:36:47.870237 54 storage/engine/rocksdb.go:120            Options.merge_operator: cockroach_merge_operator
I200103 21:36:47.870257 54 storage/engine/rocksdb.go:120         Options.compaction_filter: None
I200103 21:36:47.870276 54 storage/engine/rocksdb.go:120         Options.compaction_filter_factory: None
I200103 21:36:47.870296 54 storage/engine/rocksdb.go:120          Options.memtable_factory: SkipListFactory
I200103 21:36:47.870316 54 storage/engine/rocksdb.go:120             Options.table_factory: BlockBasedTable
I200103 21:36:47.870456 54 storage/engine/rocksdb.go:120             table_factory options:   flush_block_policy_factory: FlushBlockBySizePolicyFactory (0x7f916ee3c030)
  cache_index_and_filter_blocks: 0
  cache_index_and_filter_blocks_with_high_priority: 0
  pin_l0_filter_and_index_blocks_in_cache: 0
  pin_top_level_index_and_filter: 1
  index_type: 0
  data_block_index_type: 0
  index_shortening: 1
  data_block_hash_table_util_ratio: 0.750000
  hash_index_allow_collision: 1
  checksum: 1
  no_block_cache: 0
  block_cache: 0x7f916ee33010
  block_cache_name: LRUCache
  block_cache_options:
    capacity : 1048576
    num_shard_bits : 4
    strict_capacity_limit : 0
    memory_allocator : None
    high_pri_pool_ratio: 0.000
  block_cache_compressed: (nil)
  persistent_cache: (nil)
  block_size: 32768
  block_size_deviation: 10
  block_restart_interval: 16
  index_block_restart_interval: 1
  metadata_block_size: 4096
  partition_filters: 0
  use_delta_encoding: 1
  filter_policy: rocksdb.BuiltinBloomFilter
  whole_key_filtering: 0
  verify_compression: 0
  read_amp_bytes_per_bit: 0
  format_version: 2
  enable_index_compression: 1
  block_align: 0
I200103 21:36:47.870484 54 storage/engine/rocksdb.go:120         Options.write_buffer_size: 67108864
I200103 21:36:47.870510 54 storage/engine/rocksdb.go:120   Options.max_write_buffer_number: 4
I200103 21:36:47.870556 54 storage/engine/rocksdb.go:120           Options.compression: Snappy
I200103 21:36:47.870576 54 storage/engine/rocksdb.go:120                   Options.bottommost_compression: Disabled
I200103 21:36:47.870595 54 storage/engine/rocksdb.go:120        Options.prefix_extractor: cockroach_prefix_extractor
I200103 21:36:47.870615 54 storage/engine/rocksdb.go:120    Options.memtable_insert_with_hint_prefix_extractor: nullptr
I200103 21:36:47.870633 54 storage/engine/rocksdb.go:120              Options.num_levels: 7
I200103 21:36:47.870652 54 storage/engine/rocksdb.go:120         Options.min_write_buffer_number_to_merge: 1
I200103 21:36:47.870670 54 storage/engine/rocksdb.go:120      Options.max_write_buffer_number_to_maintain: 0
I200103 21:36:47.870698 54 storage/engine/rocksdb.go:120             Options.bottommost_compression_opts.window_bits: -14
I200103 21:36:47.870719 54 storage/engine/rocksdb.go:120                   Options.bottommost_compression_opts.level: 32767
I200103 21:36:47.870737 54 storage/engine/rocksdb.go:120                Options.bottommost_compression_opts.strategy: 0
I200103 21:36:47.870756 54 storage/engine/rocksdb.go:120          Options.bottommost_compression_opts.max_dict_bytes: 0
I200103 21:36:47.870775 54 storage/engine/rocksdb.go:120          Options.bottommost_compression_opts.zstd_max_train_bytes: 0
I200103 21:36:47.870795 54 storage/engine/rocksdb.go:120                   Options.bottommost_compression_opts.enabled: false
I200103 21:36:47.870814 54 storage/engine/rocksdb.go:120             Options.compression_opts.window_bits: -14
I200103 21:36:47.870833 54 storage/engine/rocksdb.go:120                   Options.compression_opts.level: 32767
I200103 21:36:47.870851 54 storage/engine/rocksdb.go:120                Options.compression_opts.strategy: 0
I200103 21:36:47.870869 54 storage/engine/rocksdb.go:120          Options.compression_opts.max_dict_bytes: 0
I200103 21:36:47.870887 54 storage/engine/rocksdb.go:120          Options.compression_opts.zstd_max_train_bytes: 0
I200103 21:36:47.870906 54 storage/engine/rocksdb.go:120                   Options.compression_opts.enabled: false
I200103 21:36:47.870925 54 storage/engine/rocksdb.go:120       Options.level0_file_num_compaction_trigger: 2
I200103 21:36:47.870944 54 storage/engine/rocksdb.go:120           Options.level0_slowdown_writes_trigger: 950
I200103 21:36:47.870962 54 storage/engine/rocksdb.go:120               Options.level0_stop_writes_trigger: 1000
I200103 21:36:47.870989 54 storage/engine/rocksdb.go:120                    Options.target_file_size_base: 4194304
I200103 21:36:47.871008 54 storage/engine/rocksdb.go:120              Options.target_file_size_multiplier: 2
I200103 21:36:47.871027 54 storage/engine/rocksdb.go:120                 Options.max_bytes_for_level_base: 67108864
I200103 21:36:47.871046 54 storage/engine/rocksdb.go:120  Options.level_compaction_dynamic_level_bytes: 1
I200103 21:36:47.871070 54 storage/engine/rocksdb.go:120           Options.max_bytes_for_level_multiplier: 10.000000
I200103 21:36:47.871090 54 storage/engine/rocksdb.go:120  Options.max_bytes_for_level_multiplier_addtl[0]: 1
I200103 21:36:47.871109 54 storage/engine/rocksdb.go:120  Options.max_bytes_for_level_multiplier_addtl[1]: 1
I200103 21:36:47.871127 54 storage/engine/rocksdb.go:120  Options.max_bytes_for_level_multiplier_addtl[2]: 1
I200103 21:36:47.871146 54 storage/engine/rocksdb.go:120  Options.max_bytes_for_level_multiplier_addtl[3]: 1
I200103 21:36:47.871164 54 storage/engine/rocksdb.go:120  Options.max_bytes_for_level_multiplier_addtl[4]: 1
I200103 21:36:47.871182 54 storage/engine/rocksdb.go:120  Options.max_bytes_for_level_multiplier_addtl[5]: 1
I200103 21:36:47.871201 54 storage/engine/rocksdb.go:120  Options.max_bytes_for_level_multiplier_addtl[6]: 1
I200103 21:36:47.871219 54 storage/engine/rocksdb.go:120        Options.max_sequential_skip_in_iterations: 8
I200103 21:36:47.871238 54 storage/engine/rocksdb.go:120                     Options.max_compaction_bytes: 104857600
I200103 21:36:47.871257 54 storage/engine/rocksdb.go:120                         Options.arena_block_size: 8388608
I200103 21:36:47.871277 54 storage/engine/rocksdb.go:120    Options.soft_pending_compaction_bytes_limit: 2199023255552
I200103 21:36:47.871296 54 storage/engine/rocksdb.go:120    Options.hard_pending_compaction_bytes_limit: 4400193994752
I200103 21:36:47.871315 54 storage/engine/rocksdb.go:120        Options.rate_limit_delay_max_milliseconds: 100
I200103 21:36:47.871333 54 storage/engine/rocksdb.go:120                 Options.disable_auto_compactions: 0
I200103 21:36:47.871356 54 storage/engine/rocksdb.go:120                         Options.compaction_style: kCompactionStyleLevel
I200103 21:36:47.871377 54 storage/engine/rocksdb.go:120                           Options.compaction_pri: kMinOverlappingRatio
I200103 21:36:47.871403 54 storage/engine/rocksdb.go:120  Options.compaction_options_universal.size_ratio: 1
I200103 21:36:47.871422 54 storage/engine/rocksdb.go:120  Options.compaction_options_universal.min_merge_width: 2
I200103 21:36:47.871453 54 storage/engine/rocksdb.go:120  Options.compaction_options_universal.max_merge_width: 4294967295
I200103 21:36:47.871472 54 storage/engine/rocksdb.go:120  Options.compaction_options_universal.max_size_amplification_percent: 200
I200103 21:36:47.871492 54 storage/engine/rocksdb.go:120  Options.compaction_options_universal.compression_size_percent: -1
I200103 21:36:47.871513 54 storage/engine/rocksdb.go:120  Options.compaction_options_universal.stop_style: kCompactionStopStyleTotalSize
I200103 21:36:47.871533 54 storage/engine/rocksdb.go:120  Options.compaction_options_fifo.max_table_files_size: 1073741824
I200103 21:36:47.871552 54 storage/engine/rocksdb.go:120  Options.compaction_options_fifo.allow_compaction: 0
I200103 21:36:47.871580 54 storage/engine/rocksdb.go:120                    Options.table_properties_collectors: TimeBoundTblPropCollectorFactory; DeleteRangeTblPropCollectorFactory; 
I200103 21:36:47.871601 54 storage/engine/rocksdb.go:120                    Options.inplace_update_support: 0
I200103 21:36:47.871620 54 storage/engine/rocksdb.go:120                  Options.inplace_update_num_locks: 10000
I200103 21:36:47.871641 54 storage/engine/rocksdb.go:120                Options.memtable_prefix_bloom_size_ratio: 0.000000
I200103 21:36:47.871661 54 storage/engine/rocksdb.go:120                Options.memtable_whole_key_filtering: 0
I200103 21:36:47.871680 54 storage/engine/rocksdb.go:120    Options.memtable_huge_page_size: 0
I200103 21:36:47.871699 54 storage/engine/rocksdb.go:120                            Options.bloom_locality: 0
I200103 21:36:47.871718 54 storage/engine/rocksdb.go:120                     Options.max_successive_merges: 0
I200103 21:36:47.871736 54 storage/engine/rocksdb.go:120                 Options.optimize_filters_for_hits: 1
I200103 21:36:47.871754 54 storage/engine/rocksdb.go:120                 Options.paranoid_file_checks: 0
I200103 21:36:47.871773 54 storage/engine/rocksdb.go:120                 Options.force_consistency_checks: 0
I200103 21:36:47.871791 54 storage/engine/rocksdb.go:120                 Options.report_bg_io_stats: 0
I200103 21:36:47.871810 54 storage/engine/rocksdb.go:120                                Options.ttl: 0
I200103 21:36:47.871828 54 storage/engine/rocksdb.go:120           Options.periodic_compaction_seconds: 0
I200103 21:36:47.874110 54 storage/engine/rocksdb.go:120  [db/version_set.cc:4286] Recovered from manifest file:/home/rubunu/go/src/apiDomainInfo/node1/cockroach-temp951902830/MANIFEST-000001 succeeded,manifest_file_number is 1, next_file_number is 3, last_sequence is 0, log_number is 0,prev_log_number is 0,max_column_family is 0,min_log_number_to_keep is 0
I200103 21:36:47.874142 54 storage/engine/rocksdb.go:120  [db/version_set.cc:4295] Column family [default] (ID 0), log number is 0
I200103 21:36:47.988631 54 storage/engine/rocksdb.go:120  DB pointer 0x7f916eeb0000
I200103 21:36:48.190100 54 storage/engine/rocksdb.go:120  RocksDB version: 6.2.1
I200103 21:36:48.190112 54 storage/engine/rocksdb.go:120  Git sha rocksdb_build_git_sha:@b7009236531fa784872f4823eabf393501e41bf2@
I200103 21:36:48.190119 54 storage/engine/rocksdb.go:120  Compile date Dec 11 2019
I200103 21:36:48.190126 54 storage/engine/rocksdb.go:120  DB SUMMARY
I200103 21:36:48.190177 54 storage/engine/rocksdb.go:120  SST files in /home/rubunu/go/src/apiDomainInfo/node1 dir, Total Num: 0, files: 
I200103 21:36:48.190185 54 storage/engine/rocksdb.go:120  Write Ahead Log file in /home/rubunu/go/src/apiDomainInfo/node1: 
I200103 21:36:48.190192 54 storage/engine/rocksdb.go:120                          Options.error_if_exists: 0
I200103 21:36:48.190199 54 storage/engine/rocksdb.go:120                        Options.create_if_missing: 1
I200103 21:36:48.190212 54 storage/engine/rocksdb.go:120                          Options.paranoid_checks: 1
I200103 21:36:48.190222 54 storage/engine/rocksdb.go:120                                      Options.env: 0x75591e0
I200103 21:36:48.190228 54 storage/engine/rocksdb.go:120                                 Options.info_log: 0x7f9169a19080
I200103 21:36:48.190239 54 storage/engine/rocksdb.go:120                 Options.max_file_opening_threads: 16
I200103 21:36:48.190245 54 storage/engine/rocksdb.go:120                               Options.statistics: 0x7f9169a1f010
I200103 21:36:48.190251 54 storage/engine/rocksdb.go:120                                Options.use_fsync: 0
I200103 21:36:48.190257 54 storage/engine/rocksdb.go:120                        Options.max_log_file_size: 0
I200103 21:36:48.190263 54 storage/engine/rocksdb.go:120                   Options.max_manifest_file_size: 134217728
I200103 21:36:48.190269 54 storage/engine/rocksdb.go:120                    Options.log_file_time_to_roll: 0
I200103 21:36:48.190280 54 storage/engine/rocksdb.go:120                        Options.keep_log_file_num: 1000
I200103 21:36:48.190286 54 storage/engine/rocksdb.go:120                     Options.recycle_log_file_num: 1
I200103 21:36:48.190291 54 storage/engine/rocksdb.go:120                          Options.allow_fallocate: 1
I200103 21:36:48.190297 54 storage/engine/rocksdb.go:120                         Options.allow_mmap_reads: 0
I200103 21:36:48.190303 54 storage/engine/rocksdb.go:120                        Options.allow_mmap_writes: 0
I200103 21:36:48.190309 54 storage/engine/rocksdb.go:120                         Options.use_direct_reads: 0
I200103 21:36:48.190320 54 storage/engine/rocksdb.go:120                         Options.use_direct_io_for_flush_and_compaction: 0
I200103 21:36:48.190325 54 storage/engine/rocksdb.go:120           Options.create_missing_column_families: 0
I200103 21:36:48.190331 54 storage/engine/rocksdb.go:120                               Options.db_log_dir: 
I200103 21:36:48.190337 54 storage/engine/rocksdb.go:120                                  Options.wal_dir: /home/rubunu/go/src/apiDomainInfo/node1
I200103 21:36:48.190343 54 storage/engine/rocksdb.go:120                 Options.table_cache_numshardbits: 6
I200103 21:36:48.190349 54 storage/engine/rocksdb.go:120                       Options.max_subcompactions: 1
I200103 21:36:48.190355 54 storage/engine/rocksdb.go:120                   Options.max_background_flushes: -1
I200103 21:36:48.190365 54 storage/engine/rocksdb.go:120                          Options.WAL_ttl_seconds: 0
I200103 21:36:48.190377 54 storage/engine/rocksdb.go:120                        Options.WAL_size_limit_MB: 0
I200103 21:36:48.190383 54 storage/engine/rocksdb.go:120              Options.manifest_preallocation_size: 4194304
I200103 21:36:48.190389 54 storage/engine/rocksdb.go:120                      Options.is_fd_close_on_exec: 1
I200103 21:36:48.190394 54 storage/engine/rocksdb.go:120                    Options.advise_random_on_open: 1
I200103 21:36:48.190400 54 storage/engine/rocksdb.go:120                     Options.db_write_buffer_size: 0
I200103 21:36:48.190411 54 storage/engine/rocksdb.go:120                     Options.write_buffer_manager: 0x7f9169a870c0
I200103 21:36:48.190416 54 storage/engine/rocksdb.go:120          Options.access_hint_on_compaction_start: 1
I200103 21:36:48.190422 54 storage/engine/rocksdb.go:120   Options.new_table_reader_for_compaction_inputs: 0
I200103 21:36:48.190428 54 storage/engine/rocksdb.go:120            Options.random_access_max_buffer_size: 1048576
I200103 21:36:48.190434 54 storage/engine/rocksdb.go:120                       Options.use_adaptive_mutex: 0
I200103 21:36:48.190440 54 storage/engine/rocksdb.go:120                             Options.rate_limiter: (nil)
I200103 21:36:48.190447 54 storage/engine/rocksdb.go:120      Options.sst_file_manager.rate_bytes_per_sec: 0
I200103 21:36:48.190457 54 storage/engine/rocksdb.go:120                        Options.wal_recovery_mode: 0
I200103 21:36:48.190463 54 storage/engine/rocksdb.go:120                   Options.enable_thread_tracking: 0
I200103 21:36:48.190473 54 storage/engine/rocksdb.go:120                   Options.enable_pipelined_write: 0
I200103 21:36:48.190479 54 storage/engine/rocksdb.go:120          Options.allow_concurrent_memtable_write: 1
I200103 21:36:48.190485 54 storage/engine/rocksdb.go:120       Options.enable_write_thread_adaptive_yield: 1
I200103 21:36:48.190491 54 storage/engine/rocksdb.go:120              Options.write_thread_max_yield_usec: 100
I200103 21:36:48.190501 54 storage/engine/rocksdb.go:120             Options.write_thread_slow_yield_usec: 3
I200103 21:36:48.190507 54 storage/engine/rocksdb.go:120                                Options.row_cache: None
I200103 21:36:48.190513 54 storage/engine/rocksdb.go:120                               Options.wal_filter: None
I200103 21:36:48.190520 54 storage/engine/rocksdb.go:120              Options.avoid_flush_during_recovery: 0
I200103 21:36:48.190529 54 storage/engine/rocksdb.go:120              Options.allow_ingest_behind: 0
I200103 21:36:48.190545 54 storage/engine/rocksdb.go:120              Options.preserve_deletes: 0
I200103 21:36:48.190560 54 storage/engine/rocksdb.go:120              Options.two_write_queues: 0
I200103 21:36:48.190566 54 storage/engine/rocksdb.go:120              Options.manual_wal_flush: 1
I200103 21:36:48.190572 54 storage/engine/rocksdb.go:120              Options.atomic_flush: 0
I200103 21:36:48.190578 54 storage/engine/rocksdb.go:120              Options.avoid_unnecessary_blocking_io: 0
I200103 21:36:48.190584 54 storage/engine/rocksdb.go:120              Options.max_background_jobs: 4
I200103 21:36:48.190590 54 storage/engine/rocksdb.go:120              Options.max_background_compactions: -1
I200103 21:36:48.190596 54 storage/engine/rocksdb.go:120              Options.avoid_flush_during_shutdown: 0
I200103 21:36:48.190607 54 storage/engine/rocksdb.go:120            Options.writable_file_max_buffer_size: 1048576
I200103 21:36:48.190613 54 storage/engine/rocksdb.go:120              Options.delayed_write_rate : 16777216
I200103 21:36:48.190619 54 storage/engine/rocksdb.go:120              Options.max_total_wal_size: 0
I200103 21:36:48.190625 54 storage/engine/rocksdb.go:120              Options.delete_obsolete_files_period_micros: 21600000000
I200103 21:36:48.190631 54 storage/engine/rocksdb.go:120                    Options.stats_dump_period_sec: 0
I200103 21:36:48.190636 54 storage/engine/rocksdb.go:120                  Options.stats_persist_period_sec: 600
I200103 21:36:48.190647 54 storage/engine/rocksdb.go:120                  Options.stats_history_buffer_size: 1048576
I200103 21:36:48.190653 54 storage/engine/rocksdb.go:120                           Options.max_open_files: 3840
I200103 21:36:48.190659 54 storage/engine/rocksdb.go:120                           Options.bytes_per_sync: 524288
I200103 21:36:48.190665 54 storage/engine/rocksdb.go:120                       Options.wal_bytes_per_sync: 0
I200103 21:36:48.190671 54 storage/engine/rocksdb.go:120                    Options.strict_bytes_per_sync: 1
I200103 21:36:48.190677 54 storage/engine/rocksdb.go:120        Options.compaction_readahead_size: 0
I200103 21:36:48.190683 54 storage/engine/rocksdb.go:120  Compression algorithms supported:
I200103 21:36:48.190694 54 storage/engine/rocksdb.go:120  	kZSTDNotFinalCompression supported: 0
I200103 21:36:48.190700 54 storage/engine/rocksdb.go:120  	kZSTD supported: 0
I200103 21:36:48.190711 54 storage/engine/rocksdb.go:120  	kXpressCompression supported: 0
I200103 21:36:48.190717 54 storage/engine/rocksdb.go:120  	kLZ4HCCompression supported: 0
I200103 21:36:48.190724 54 storage/engine/rocksdb.go:120  	kLZ4Compression supported: 0
I200103 21:36:48.190729 54 storage/engine/rocksdb.go:120  	kBZip2Compression supported: 0
I200103 21:36:48.190740 54 storage/engine/rocksdb.go:120  	kZlibCompression supported: 0
I200103 21:36:48.190746 54 storage/engine/rocksdb.go:120  	kSnappyCompression supported: 1
I200103 21:36:48.190758 54 storage/engine/rocksdb.go:120  Fast CRC32 supported: Supported on x86
I200103 21:36:48.190839 54 storage/engine/rocksdb.go:120  [db/db_impl_open.cc:242] Creating manifest 1 
I200103 21:36:48.503885 54 storage/engine/rocksdb.go:120  [db/version_set.cc:4072] Recovering from manifest file: /home/rubunu/go/src/apiDomainInfo/node1/MANIFEST-000001
I200103 21:36:48.504451 54 storage/engine/rocksdb.go:120  [db/column_family.cc:488] --------------- Options for column family [default]:
I200103 21:36:48.504508 54 storage/engine/rocksdb.go:120                Options.comparator: cockroach_comparator
I200103 21:36:48.504545 54 storage/engine/rocksdb.go:120            Options.merge_operator: cockroach_merge_operator
I200103 21:36:48.504577 54 storage/engine/rocksdb.go:120         Options.compaction_filter: None
I200103 21:36:48.504607 54 storage/engine/rocksdb.go:120         Options.compaction_filter_factory: None
I200103 21:36:48.504641 54 storage/engine/rocksdb.go:120          Options.memtable_factory: SkipListFactory
I200103 21:36:48.504674 54 storage/engine/rocksdb.go:120             Options.table_factory: BlockBasedTable
I200103 21:36:48.504890 54 storage/engine/rocksdb.go:120             table_factory options:   flush_block_policy_factory: FlushBlockBySizePolicyFactory (0x7f9169a1d028)
  cache_index_and_filter_blocks: 0
  cache_index_and_filter_blocks_with_high_priority: 0
  pin_l0_filter_and_index_blocks_in_cache: 0
  pin_top_level_index_and_filter: 1
  index_type: 0
  data_block_index_type: 0
  index_shortening: 1
  data_block_hash_table_util_ratio: 0.750000
  hash_index_allow_collision: 1
  checksum: 1
  no_block_cache: 0
  block_cache: 0x7f9169a0e010
  block_cache_name: LRUCache
  block_cache_options:
    capacity : 67108864
    num_shard_bits : 4
    strict_capacity_limit : 0
    memory_allocator : None
    high_pri_pool_ratio: 0.000
  block_cache_compressed: (nil)
  persistent_cache: (nil)
  block_size: 32768
  block_size_deviation: 10
  block_restart_interval: 16
  index_block_restart_interval: 1
  metadata_block_size: 4096
  partition_filters: 0
  use_delta_encoding: 1
  filter_policy: rocksdb.BuiltinBloomFilter
  whole_key_filtering: 0
  verify_compression: 0
  read_amp_bytes_per_bit: 0
  format_version: 2
  enable_index_compression: 1
  block_align: 0
I200103 21:36:48.504939 54 storage/engine/rocksdb.go:120         Options.write_buffer_size: 67108864
I200103 21:36:48.504981 54 storage/engine/rocksdb.go:120   Options.max_write_buffer_number: 4
I200103 21:36:48.505017 54 storage/engine/rocksdb.go:120           Options.compression: Snappy
I200103 21:36:48.505052 54 storage/engine/rocksdb.go:120                   Options.bottommost_compression: Disabled
I200103 21:36:48.505090 54 storage/engine/rocksdb.go:120        Options.prefix_extractor: cockroach_prefix_extractor
I200103 21:36:48.505125 54 storage/engine/rocksdb.go:120    Options.memtable_insert_with_hint_prefix_extractor: nullptr
I200103 21:36:48.505154 54 storage/engine/rocksdb.go:120              Options.num_levels: 7
I200103 21:36:48.505187 54 storage/engine/rocksdb.go:120         Options.min_write_buffer_number_to_merge: 1
I200103 21:36:48.505222 54 storage/engine/rocksdb.go:120      Options.max_write_buffer_number_to_maintain: 0
I200103 21:36:48.505257 54 storage/engine/rocksdb.go:120             Options.bottommost_compression_opts.window_bits: -14
I200103 21:36:48.505295 54 storage/engine/rocksdb.go:120                   Options.bottommost_compression_opts.level: 32767
I200103 21:36:48.505422 54 storage/engine/rocksdb.go:120                Options.bottommost_compression_opts.strategy: 0
I200103 21:36:48.505465 54 storage/engine/rocksdb.go:120          Options.bottommost_compression_opts.max_dict_bytes: 0
I200103 21:36:48.505500 54 storage/engine/rocksdb.go:120          Options.bottommost_compression_opts.zstd_max_train_bytes: 0
I200103 21:36:48.505534 54 storage/engine/rocksdb.go:120                   Options.bottommost_compression_opts.enabled: false
I200103 21:36:48.505570 54 storage/engine/rocksdb.go:120             Options.compression_opts.window_bits: -14
I200103 21:36:48.505607 54 storage/engine/rocksdb.go:120                   Options.compression_opts.level: 32767
I200103 21:36:48.505641 54 storage/engine/rocksdb.go:120                Options.compression_opts.strategy: 0
I200103 21:36:48.505674 54 storage/engine/rocksdb.go:120          Options.compression_opts.max_dict_bytes: 0
I200103 21:36:48.505707 54 storage/engine/rocksdb.go:120          Options.compression_opts.zstd_max_train_bytes: 0
I200103 21:36:48.505738 54 storage/engine/rocksdb.go:120                   Options.compression_opts.enabled: false
I200103 21:36:48.505776 54 storage/engine/rocksdb.go:120       Options.level0_file_num_compaction_trigger: 2
I200103 21:36:48.505811 54 storage/engine/rocksdb.go:120           Options.level0_slowdown_writes_trigger: 950
I200103 21:36:48.505846 54 storage/engine/rocksdb.go:120               Options.level0_stop_writes_trigger: 1000
I200103 21:36:48.505880 54 storage/engine/rocksdb.go:120                    Options.target_file_size_base: 4194304
I200103 21:36:48.505915 54 storage/engine/rocksdb.go:120              Options.target_file_size_multiplier: 2
I200103 21:36:48.505950 54 storage/engine/rocksdb.go:120                 Options.max_bytes_for_level_base: 67108864
I200103 21:36:48.505983 54 storage/engine/rocksdb.go:120  Options.level_compaction_dynamic_level_bytes: 1
I200103 21:36:48.506028 54 storage/engine/rocksdb.go:120           Options.max_bytes_for_level_multiplier: 10.000000
I200103 21:36:48.506065 54 storage/engine/rocksdb.go:120  Options.max_bytes_for_level_multiplier_addtl[0]: 1
I200103 21:36:48.506102 54 storage/engine/rocksdb.go:120  Options.max_bytes_for_level_multiplier_addtl[1]: 1
I200103 21:36:48.506141 54 storage/engine/rocksdb.go:120  Options.max_bytes_for_level_multiplier_addtl[2]: 1
I200103 21:36:48.506175 54 storage/engine/rocksdb.go:120  Options.max_bytes_for_level_multiplier_addtl[3]: 1
I200103 21:36:48.506211 54 storage/engine/rocksdb.go:120  Options.max_bytes_for_level_multiplier_addtl[4]: 1
I200103 21:36:48.506245 54 storage/engine/rocksdb.go:120  Options.max_bytes_for_level_multiplier_addtl[5]: 1
I200103 21:36:48.506283 54 storage/engine/rocksdb.go:120  Options.max_bytes_for_level_multiplier_addtl[6]: 1
I200103 21:36:48.506317 54 storage/engine/rocksdb.go:120        Options.max_sequential_skip_in_iterations: 8
I200103 21:36:48.506352 54 storage/engine/rocksdb.go:120                     Options.max_compaction_bytes: 104857600
I200103 21:36:48.506391 54 storage/engine/rocksdb.go:120                         Options.arena_block_size: 8388608
I200103 21:36:48.506425 54 storage/engine/rocksdb.go:120    Options.soft_pending_compaction_bytes_limit: 2199023255552
I200103 21:36:48.506460 54 storage/engine/rocksdb.go:120    Options.hard_pending_compaction_bytes_limit: 4400193994752
I200103 21:36:48.506499 54 storage/engine/rocksdb.go:120        Options.rate_limit_delay_max_milliseconds: 100
I200103 21:36:48.506533 54 storage/engine/rocksdb.go:120                 Options.disable_auto_compactions: 0
I200103 21:36:48.506574 54 storage/engine/rocksdb.go:120                         Options.compaction_style: kCompactionStyleLevel
I200103 21:36:48.506611 54 storage/engine/rocksdb.go:120                           Options.compaction_pri: kMinOverlappingRatio
I200103 21:36:48.506643 54 storage/engine/rocksdb.go:120  Options.compaction_options_universal.size_ratio: 1
I200103 21:36:48.506676 54 storage/engine/rocksdb.go:120  Options.compaction_options_universal.min_merge_width: 2
I200103 21:36:48.506711 54 storage/engine/rocksdb.go:120  Options.compaction_options_universal.max_merge_width: 4294967295
I200103 21:36:48.506748 54 storage/engine/rocksdb.go:120  Options.compaction_options_universal.max_size_amplification_percent: 200
I200103 21:36:48.506783 54 storage/engine/rocksdb.go:120  Options.compaction_options_universal.compression_size_percent: -1
I200103 21:36:48.506823 54 storage/engine/rocksdb.go:120  Options.compaction_options_universal.stop_style: kCompactionStopStyleTotalSize
I200103 21:36:48.506860 54 storage/engine/rocksdb.go:120  Options.compaction_options_fifo.max_table_files_size: 1073741824
I200103 21:36:48.506894 54 storage/engine/rocksdb.go:120  Options.compaction_options_fifo.allow_compaction: 0
I200103 21:36:48.506945 54 storage/engine/rocksdb.go:120                    Options.table_properties_collectors: TimeBoundTblPropCollectorFactory; DeleteRangeTblPropCollectorFactory; 
I200103 21:36:48.506989 54 storage/engine/rocksdb.go:120                    Options.inplace_update_support: 0
I200103 21:36:48.507024 54 storage/engine/rocksdb.go:120                  Options.inplace_update_num_locks: 10000
I200103 21:36:48.507068 54 storage/engine/rocksdb.go:120                Options.memtable_prefix_bloom_size_ratio: 0.000000
I200103 21:36:48.507105 54 storage/engine/rocksdb.go:120                Options.memtable_whole_key_filtering: 0
I200103 21:36:48.507141 54 storage/engine/rocksdb.go:120    Options.memtable_huge_page_size: 0
I200103 21:36:48.507176 54 storage/engine/rocksdb.go:120                            Options.bloom_locality: 0
I200103 21:36:48.507212 54 storage/engine/rocksdb.go:120                     Options.max_successive_merges: 0
I200103 21:36:48.507248 54 storage/engine/rocksdb.go:120                 Options.optimize_filters_for_hits: 1
I200103 21:36:48.507284 54 storage/engine/rocksdb.go:120                 Options.paranoid_file_checks: 0
I200103 21:36:48.507319 54 storage/engine/rocksdb.go:120                 Options.force_consistency_checks: 0
I200103 21:36:48.507354 54 storage/engine/rocksdb.go:120                 Options.report_bg_io_stats: 0
I200103 21:36:48.507388 54 storage/engine/rocksdb.go:120                                Options.ttl: 0
I200103 21:36:48.507421 54 storage/engine/rocksdb.go:120           Options.periodic_compaction_seconds: 0
I200103 21:36:48.510045 54 storage/engine/rocksdb.go:120  [db/version_set.cc:4286] Recovered from manifest file:/home/rubunu/go/src/apiDomainInfo/node1/MANIFEST-000001 succeeded,manifest_file_number is 1, next_file_number is 3, last_sequence is 0, log_number is 0,prev_log_number is 0,max_column_family is 0,min_log_number_to_keep is 0
I200103 21:36:48.510088 54 storage/engine/rocksdb.go:120  [db/version_set.cc:4295] Column family [default] (ID 0), log number is 0
I200103 21:36:48.585210 54 storage/engine/rocksdb.go:120  DB pointer 0x7f9169a99000
I200103 21:45:56.220391 7096 storage/engine/rocksdb.go:120  bloom filter utility:    -nan%
I200103 21:45:56.220427 7096 storage/engine/rocksdb.go:120  [db/db_impl.cc:392] Shutdown: canceling all background work
I200103 21:45:56.228286 7096 storage/engine/rocksdb.go:120  [db/db_impl.cc:565] Shutdown complete
I200103 21:45:56.247290 7096 storage/engine/rocksdb.go:120  bloom filter utility:    -nan%
I200103 21:45:56.247344 7096 storage/engine/rocksdb.go:120  [db/db_impl.cc:392] Shutdown: canceling all background work
I200103 21:45:56.251860 7096 storage/engine/rocksdb.go:120  [db/db_impl.cc:565] Shutdown complete
